2019-03-27 12:06:05 - 1 - [main] ERROR com.capgemini.bankappjdbc.client.BankAccountClient  - Withdraw Failed : 
com.capgemini.bankappjdbc.exception.LowBalanceException: You don't have a sufficient balance..
	at com.capgemini.bankappjdbc.service.impl.BankAccountServiceImpl.withdraw(BankAccountServiceImpl.java:39)
	at com.capgemini.bankappjdbc.client.BankAccountClient.main(BankAccountClient.java:72)
2019-03-27 12:22:01 - 0 - [main] ERROR com.capgemini.bankappjdbc.client.BankAccountClient  - Withdraw Failed : 
com.capgemini.bankappjdbc.exception.LowBalanceException: You don't have a sufficient balance..
	at com.capgemini.bankappjdbc.service.impl.BankAccountServiceImpl.withdraw(BankAccountServiceImpl.java:39)
	at com.capgemini.bankappjdbc.client.BankAccountClient.main(BankAccountClient.java:72)
2019-03-28 11:24:27 - 0 - [main] ERROR com.capgemini.bankappjdbc.util.DbUtil  - SQLException
com.mysql.jdbc.exceptions.jdbc4.MySQLNonTransientConnectionException: Connection.close() has already been called. Invalid operation in this state.
	at sun.reflect.NativeConstructorAccessorImpl.newInstance0(Native Method)
	at sun.reflect.NativeConstructorAccessorImpl.newInstance(Unknown Source)
	at sun.reflect.DelegatingConstructorAccessorImpl.newInstance(Unknown Source)
	at java.lang.reflect.Constructor.newInstance(Unknown Source)
	at com.mysql.jdbc.Util.handleNewInstance(Util.java:406)
	at com.mysql.jdbc.Util.getInstance(Util.java:381)
	at com.mysql.jdbc.SQLError.createSQLException(SQLError.java:985)
	at com.mysql.jdbc.SQLError.createSQLException(SQLError.java:957)
	at com.mysql.jdbc.SQLError.createSQLException(SQLError.java:927)
	at com.mysql.jdbc.ConnectionImpl.getMutex(ConnectionImpl.java:3015)
	at com.mysql.jdbc.ConnectionImpl.commit(ConnectionImpl.java:1521)
	at com.capgemini.bankappjdbc.util.DbUtil.commit(DbUtil.java:46)
	at com.capgemini.bankappjdbc.service.impl.BankAccountServiceImpl.addNewAccount(BankAccountServiceImpl.java:125)
	at com.capgemini.bankappjdbc.client.BankAccountClient.main(BankAccountClient.java:59)
2019-03-28 18:37:49 - 1 - [main] ERROR com.capgemini.bankappjdbc.client.BankAccountClient  - Bank account doesnot exist : 
com.capgemini.bankappjdbc.exception.BankAccountNotFoundException: Bank Account Doesn't exist..
	at com.capgemini.bankappjdbc.service.impl.BankAccountServiceImpl.deleteBankAccount(BankAccountServiceImpl.java:78)
	at com.capgemini.bankappjdbc.client.BankAccountClient.main(BankAccountClient.java:144)
