
Apr 12, 2019 18:00:48.32 NEW SESSION
Apr 12, 2019 18:00:48.32 [22964:33812:0412/180048.326:ERROR:browser_process_sub_thread.cc(209)] Waited 37 ms for network service

Apr 13, 2019 11:58:45.13 NEW SESSION
Apr 13, 2019 11:58:45.13 [40744:30952:0413/115845.128:ERROR:browser_process_sub_thread.cc(209)] Waited 23 ms for network service
Apr 13, 2019 12:02:35.10 [42660:15028:0413/120235.102:ERROR:browser_process_sub_thread.cc(209)] Waited 28 ms for network service
Apr 13, 2019 12:46:17.17 [10432:43028:0413/124617.178:ERROR:dns_config_service_win.cc(751)] DNS config watch failed.
Apr 13, 2019 12:54:28.03 [10432:22344:0413/125428.033:ERROR:browser_process_sub_thread.cc(209)] Waited 28 ms for network service
Apr 13, 2019 13:09:37.45 [29700:5908:0413/130937.455:ERROR:browser_process_sub_thread.cc(209)] Waited 19 ms for network service
Apr 13, 2019 13:09:46.71 [19128:30432:0413/130946.719:ERROR:browser_process_sub_thread.cc(209)] Waited 34 ms for network service
Apr 13, 2019 13:30:25.43 [33808:15676:0413/133025.431:ERROR:appcache_update_url_loader_request.cc(139)] NOT IMPLEMENTED
Apr 13, 2019 13:30:28.48 [33808:15676:0413/133028.480:ERROR:appcache_update_url_loader_request.cc(139)] NOT IMPLEMENTED
Apr 13, 2019 14:45:16.21 [33808:28920:0413/144516.215:ERROR:dns_config_service_win.cc(751)] DNS config watch failed.
Apr 13, 2019 15:30:29.23 [33808:15676:0413/153029.237:ERROR:appcache_update_url_loader_request.cc(139)] NOT IMPLEMENTED
Apr 13, 2019 17:30:29.39 [33808:15676:0413/173029.390:ERROR:appcache_update_url_loader_request.cc(139)] NOT IMPLEMENTED
Apr 13, 2019 19:30:29.53 [33808:15676:0413/193029.519:ERROR:appcache_update_url_loader_request.cc(139)] NOT IMPLEMENTED
Apr 13, 2019 21:30:29.64 [33808:15676:0413/213029.643:ERROR:appcache_update_url_loader_request.cc(139)] NOT IMPLEMENTED
Apr 13, 2019 23:30:29.68 [33808:15676:0413/233029.685:ERROR:appcache_update_url_loader_request.cc(139)] NOT IMPLEMENTED
Apr 14, 2019 01:30:29.96 [33808:15676:0414/013029.967:ERROR:appcache_update_url_loader_request.cc(139)] NOT IMPLEMENTED
Apr 14, 2019 03:30:30.03 [33808:15676:0414/033030.039:ERROR:appcache_update_url_loader_request.cc(139)] NOT IMPLEMENTED
Apr 14, 2019 05:30:30.25 [33808:15676:0414/053030.250:ERROR:appcache_update_url_loader_request.cc(139)] NOT IMPLEMENTED
Apr 14, 2019 07:30:30.36 [33808:15676:0414/073030.363:ERROR:appcache_update_url_loader_request.cc(139)] NOT IMPLEMENTED
Apr 14, 2019 09:30:30.49 [33808:15676:0414/093030.497:ERROR:appcache_update_url_loader_request.cc(139)] NOT IMPLEMENTED
Apr 14, 2019 11:30:30.62 [33808:15676:0414/113030.624:ERROR:appcache_update_url_loader_request.cc(139)] NOT IMPLEMENTED
Apr 14, 2019 13:30:30.74 [33808:15676:0414/133030.742:ERROR:appcache_update_url_loader_request.cc(139)] NOT IMPLEMENTED
Apr 14, 2019 15:30:21.36 [33808:15676:0414/153021.369:ERROR:appcache_update_url_loader_request.cc(139)] NOT IMPLEMENTED
Apr 14, 2019 17:30:21.49 [33808:15676:0414/173021.483:ERROR:appcache_update_url_loader_request.cc(139)] NOT IMPLEMENTED
Apr 14, 2019 19:30:21.59 [33808:15676:0414/193021.595:ERROR:appcache_update_url_loader_request.cc(139)] NOT IMPLEMENTED
Apr 14, 2019 21:30:21.78 [33808:15676:0414/213021.787:ERROR:appcache_update_url_loader_request.cc(139)] NOT IMPLEMENTED
Apr 14, 2019 23:30:21.93 [33808:15676:0414/233021.932:ERROR:appcache_update_url_loader_request.cc(139)] NOT IMPLEMENTED
Apr 15, 2019 01:30:22.08 [33808:15676:0415/013022.086:ERROR:appcache_update_url_loader_request.cc(139)] NOT IMPLEMENTED
Apr 15, 2019 03:30:22.19 [33808:15676:0415/033022.191:ERROR:appcache_update_url_loader_request.cc(139)] NOT IMPLEMENTED
Apr 15, 2019 05:30:22.40 [33808:15676:0415/053022.402:ERROR:appcache_update_url_loader_request.cc(139)] NOT IMPLEMENTED
Apr 15, 2019 07:30:22.46 [33808:15676:0415/073022.469:ERROR:appcache_update_url_loader_request.cc(139)] NOT IMPLEMENTED
Apr 15, 2019 09:30:22.61 [33808:15676:0415/093022.612:ERROR:appcache_update_url_loader_request.cc(139)] NOT IMPLEMENTED
Apr 15, 2019 11:30:23.58 [33808:15676:0415/113023.584:ERROR:appcache_update_url_loader_request.cc(139)] NOT IMPLEMENTED
Apr 15, 2019 13:30:23.17 [33808:15676:0415/133023.176:ERROR:appcache_update_url_loader_request.cc(139)] NOT IMPLEMENTED
Apr 15, 2019 15:30:22.97 [33808:15676:0415/153022.976:ERROR:appcache_update_url_loader_request.cc(139)] NOT IMPLEMENTED
Apr 15, 2019 17:55:51.88 [33808:23572:0415/175551.777:ERROR:platform_sensor_reader_win.cc(243)] NOT IMPLEMENTED
Apr 15, 2019 18:56:59.04 [33808:23572:0415/185659.045:ERROR:platform_sensor_reader_win.cc(243)] NOT IMPLEMENTED
Apr 15, 2019 19:28:50.70 [33808:23572:0415/192850.700:ERROR:platform_sensor_reader_win.cc(243)] NOT IMPLEMENTED
Apr 16, 2019 08:50:04.87 [33808:15676:0416/085004.871:ERROR:appcache_update_url_loader_request.cc(139)] NOT IMPLEMENTED
Apr 16, 2019 08:50:05.27 [33808:15676:0416/085005.269:ERROR:appcache_update_url_loader_request.cc(139)] NOT IMPLEMENTED
Apr 16, 2019 08:50:05.27 [33808:15676:0416/085005.279:ERROR:appcache_update_url_loader_request.cc(139)] NOT IMPLEMENTED
Apr 16, 2019 08:50:05.28 [33808:15676:0416/085005.286:ERROR:appcache_update_url_loader_request.cc(139)] NOT IMPLEMENTED
Apr 16, 2019 08:50:05.29 [33808:15676:0416/085005.294:ERROR:appcache_update_url_loader_request.cc(139)] NOT IMPLEMENTED
Apr 16, 2019 08:50:05.30 [33808:15676:0416/085005.302:ERROR:appcache_update_url_loader_request.cc(139)] NOT IMPLEMENTED
Apr 16, 2019 08:50:05.31 [33808:15676:0416/085005.310:ERROR:appcache_update_url_loader_request.cc(139)] NOT IMPLEMENTED
Apr 16, 2019 08:50:05.31 [33808:15676:0416/085005.318:ERROR:appcache_update_url_loader_request.cc(139)] NOT IMPLEMENTED
Apr 16, 2019 08:50:05.32 [33808:15676:0416/085005.326:ERROR:appcache_update_url_loader_request.cc(139)] NOT IMPLEMENTED
Apr 16, 2019 08:50:05.33 [33808:15676:0416/085005.336:ERROR:appcache_update_url_loader_request.cc(139)] NOT IMPLEMENTED
Apr 16, 2019 08:50:05.34 [33808:15676:0416/085005.343:ERROR:appcache_update_url_loader_request.cc(139)] NOT IMPLEMENTED
Apr 16, 2019 08:50:05.35 [33808:15676:0416/085005.351:ERROR:appcache_update_url_loader_request.cc(139)] NOT IMPLEMENTED
Apr 16, 2019 08:50:05.36 [33808:15676:0416/085005.360:ERROR:appcache_update_url_loader_request.cc(139)] NOT IMPLEMENTED
Apr 16, 2019 08:50:05.36 [33808:15676:0416/085005.368:ERROR:appcache_update_url_loader_request.cc(139)] NOT IMPLEMENTED
Apr 16, 2019 08:50:05.37 [33808:15676:0416/085005.377:ERROR:appcache_update_url_loader_request.cc(139)] NOT IMPLEMENTED
Apr 16, 2019 08:50:05.38 [33808:15676:0416/085005.385:ERROR:appcache_update_url_loader_request.cc(139)] NOT IMPLEMENTED
Apr 16, 2019 08:50:05.39 [33808:15676:0416/085005.393:ERROR:appcache_update_url_loader_request.cc(139)] NOT IMPLEMENTED
Apr 16, 2019 08:50:05.42 [33808:15676:0416/085005.419:ERROR:appcache_update_url_loader_request.cc(139)] NOT IMPLEMENTED
Apr 16, 2019 08:50:05.42 [33808:15676:0416/085005.424:ERROR:appcache_update_url_loader_request.cc(139)] NOT IMPLEMENTED
Apr 16, 2019 08:50:05.42 [33808:15676:0416/085005.428:ERROR:appcache_update_url_loader_request.cc(139)] NOT IMPLEMENTED
Apr 16, 2019 08:50:05.43 [33808:15676:0416/085005.432:ERROR:appcache_update_url_loader_request.cc(139)] NOT IMPLEMENTED
Apr 16, 2019 08:50:05.43 [33808:15676:0416/085005.437:ERROR:appcache_update_url_loader_request.cc(139)] NOT IMPLEMENTED
Apr 16, 2019 08:50:05.75 [33808:15676:0416/085005.756:ERROR:appcache_update_url_loader_request.cc(139)] NOT IMPLEMENTED
Apr 16, 2019 08:50:05.79 [33808:15676:0416/085005.790:ERROR:appcache_update_url_loader_request.cc(139)] NOT IMPLEMENTED
Apr 16, 2019 08:50:05.79 [33808:15676:0416/085005.798:ERROR:appcache_update_url_loader_request.cc(139)] NOT IMPLEMENTED
Apr 16, 2019 08:50:05.80 [33808:15676:0416/085005.806:ERROR:appcache_update_url_loader_request.cc(139)] NOT IMPLEMENTED
Apr 16, 2019 08:50:05.81 [33808:15676:0416/085005.814:ERROR:appcache_update_url_loader_request.cc(139)] NOT IMPLEMENTED
Apr 16, 2019 08:50:05.82 [33808:15676:0416/085005.822:ERROR:appcache_update_url_loader_request.cc(139)] NOT IMPLEMENTED
Apr 16, 2019 08:50:05.83 [33808:15676:0416/085005.829:ERROR:appcache_update_url_loader_request.cc(139)] NOT IMPLEMENTED
Apr 16, 2019 08:50:05.83 [33808:15676:0416/085005.837:ERROR:appcache_update_url_loader_request.cc(139)] NOT IMPLEMENTED
Apr 16, 2019 08:50:05.85 [33808:15676:0416/085005.853:ERROR:appcache_update_url_loader_request.cc(139)] NOT IMPLEMENTED
Apr 16, 2019 08:50:05.86 [33808:15676:0416/085005.861:ERROR:appcache_update_url_loader_request.cc(139)] NOT IMPLEMENTED
Apr 16, 2019 08:50:05.86 [33808:15676:0416/085005.869:ERROR:appcache_update_url_loader_request.cc(139)] NOT IMPLEMENTED
Apr 16, 2019 08:50:05.87 [33808:15676:0416/085005.877:ERROR:appcache_update_url_loader_request.cc(139)] NOT IMPLEMENTED
Apr 16, 2019 08:50:05.88 [33808:15676:0416/085005.885:ERROR:appcache_update_url_loader_request.cc(139)] NOT IMPLEMENTED
Apr 16, 2019 08:50:05.89 [33808:15676:0416/085005.893:ERROR:appcache_update_url_loader_request.cc(139)] NOT IMPLEMENTED
Apr 16, 2019 08:50:05.90 [33808:15676:0416/085005.900:ERROR:appcache_update_url_loader_request.cc(139)] NOT IMPLEMENTED
Apr 16, 2019 08:50:05.90 [33808:15676:0416/085005.908:ERROR:appcache_update_url_loader_request.cc(139)] NOT IMPLEMENTED
Apr 16, 2019 08:50:05.91 [33808:15676:0416/085005.916:ERROR:appcache_update_url_loader_request.cc(139)] NOT IMPLEMENTED
Apr 16, 2019 08:50:05.92 [33808:15676:0416/085005.924:ERROR:appcache_update_url_loader_request.cc(139)] NOT IMPLEMENTED
Apr 16, 2019 08:50:05.93 [33808:15676:0416/085005.932:ERROR:appcache_update_url_loader_request.cc(139)] NOT IMPLEMENTED
Apr 16, 2019 08:50:05.93 [33808:15676:0416/085005.939:ERROR:appcache_update_url_loader_request.cc(139)] NOT IMPLEMENTED
Apr 16, 2019 08:50:05.94 [33808:15676:0416/085005.947:ERROR:appcache_update_url_loader_request.cc(139)] NOT IMPLEMENTED
Apr 16, 2019 08:50:05.95 [33808:15676:0416/085005.954:ERROR:appcache_update_url_loader_request.cc(139)] NOT IMPLEMENTED
Apr 16, 2019 08:50:05.96 [33808:15676:0416/085005.962:ERROR:appcache_update_url_loader_request.cc(139)] NOT IMPLEMENTED
Apr 16, 2019 08:50:05.97 [33808:15676:0416/085005.970:ERROR:appcache_update_url_loader_request.cc(139)] NOT IMPLEMENTED
Apr 16, 2019 08:50:05.97 [33808:15676:0416/085005.978:ERROR:appcache_update_url_loader_request.cc(139)] NOT IMPLEMENTED
Apr 16, 2019 08:50:05.98 [33808:15676:0416/085005.986:ERROR:appcache_update_url_loader_request.cc(139)] NOT IMPLEMENTED
Apr 16, 2019 08:50:05.99 [33808:15676:0416/085005.994:ERROR:appcache_update_url_loader_request.cc(139)] NOT IMPLEMENTED
Apr 16, 2019 08:50:06.00 [33808:15676:0416/085006.002:ERROR:appcache_update_url_loader_request.cc(139)] NOT IMPLEMENTED
Apr 16, 2019 08:50:06.00 [33808:15676:0416/085006.009:ERROR:appcache_update_url_loader_request.cc(139)] NOT IMPLEMENTED
Apr 16, 2019 08:50:06.01 [33808:15676:0416/085006.017:ERROR:appcache_update_url_loader_request.cc(139)] NOT IMPLEMENTED
Apr 16, 2019 08:50:06.02 [33808:15676:0416/085006.025:ERROR:appcache_update_url_loader_request.cc(139)] NOT IMPLEMENTED
Apr 16, 2019 08:50:06.02 [33808:15676:0416/085006.026:ERROR:appcache_update_url_loader_request.cc(139)] NOT IMPLEMENTED
Apr 16, 2019 08:50:06.03 [33808:15676:0416/085006.036:ERROR:appcache_update_url_loader_request.cc(139)] NOT IMPLEMENTED
Apr 16, 2019 08:50:06.04 [33808:15676:0416/085006.043:ERROR:appcache_update_url_loader_request.cc(139)] NOT IMPLEMENTED
Apr 16, 2019 08:50:06.05 [33808:15676:0416/085006.052:ERROR:appcache_update_url_loader_request.cc(139)] NOT IMPLEMENTED
Apr 16, 2019 08:50:06.05 [33808:15676:0416/085006.058:ERROR:appcache_update_url_loader_request.cc(139)] NOT IMPLEMENTED
Apr 16, 2019 08:50:06.06 [33808:15676:0416/085006.060:ERROR:appcache_update_url_loader_request.cc(139)] NOT IMPLEMENTED
Apr 16, 2019 08:50:06.06 [33808:15676:0416/085006.068:ERROR:appcache_update_url_loader_request.cc(139)] NOT IMPLEMENTED
Apr 16, 2019 08:50:06.07 [33808:15676:0416/085006.075:ERROR:appcache_update_url_loader_request.cc(139)] NOT IMPLEMENTED
Apr 16, 2019 08:50:06.08 [33808:15676:0416/085006.083:ERROR:appcache_update_url_loader_request.cc(139)] NOT IMPLEMENTED
Apr 16, 2019 08:50:06.09 [33808:15676:0416/085006.090:ERROR:appcache_update_url_loader_request.cc(139)] NOT IMPLEMENTED
Apr 16, 2019 08:50:06.09 [33808:15676:0416/085006.098:ERROR:appcache_update_url_loader_request.cc(139)] NOT IMPLEMENTED
Apr 16, 2019 08:50:06.10 [33808:15676:0416/085006.106:ERROR:appcache_update_url_loader_request.cc(139)] NOT IMPLEMENTED
Apr 16, 2019 08:50:06.11 [33808:15676:0416/085006.114:ERROR:appcache_update_url_loader_request.cc(139)] NOT IMPLEMENTED
Apr 16, 2019 08:50:06.12 [33808:15676:0416/085006.122:ERROR:appcache_update_url_loader_request.cc(139)] NOT IMPLEMENTED
Apr 16, 2019 08:50:06.12 [33808:15676:0416/085006.122:ERROR:appcache_update_url_loader_request.cc(139)] NOT IMPLEMENTED
Apr 16, 2019 08:50:06.13 [33808:15676:0416/085006.131:ERROR:appcache_update_url_loader_request.cc(139)] NOT IMPLEMENTED
Apr 16, 2019 08:50:06.13 [33808:15676:0416/085006.138:ERROR:appcache_update_url_loader_request.cc(139)] NOT IMPLEMENTED
Apr 16, 2019 08:50:06.14 [33808:15676:0416/085006.146:ERROR:appcache_update_url_loader_request.cc(139)] NOT IMPLEMENTED
Apr 16, 2019 08:50:06.15 [33808:15676:0416/085006.153:ERROR:appcache_update_url_loader_request.cc(139)] NOT IMPLEMENTED
Apr 16, 2019 08:50:06.16 [33808:15676:0416/085006.161:ERROR:appcache_update_url_loader_request.cc(139)] NOT IMPLEMENTED
Apr 16, 2019 08:50:06.16 [33808:15676:0416/085006.168:ERROR:appcache_update_url_loader_request.cc(139)] NOT IMPLEMENTED
Apr 16, 2019 08:50:06.18 [33808:15676:0416/085006.179:ERROR:appcache_update_url_loader_request.cc(139)] NOT IMPLEMENTED
Apr 16, 2019 08:50:06.18 [33808:15676:0416/085006.188:ERROR:appcache_update_url_loader_request.cc(139)] NOT IMPLEMENTED
Apr 16, 2019 08:50:06.21 [33808:15676:0416/085006.195:ERROR:appcache_update_url_loader_request.cc(139)] NOT IMPLEMENTED
Apr 16, 2019 08:50:06.21 [33808:15676:0416/085006.203:ERROR:appcache_update_url_loader_request.cc(139)] NOT IMPLEMENTED
Apr 16, 2019 08:50:06.21 [33808:15676:0416/085006.212:ERROR:appcache_update_url_loader_request.cc(139)] NOT IMPLEMENTED
Apr 16, 2019 08:50:06.22 [33808:15676:0416/085006.220:ERROR:appcache_update_url_loader_request.cc(139)] NOT IMPLEMENTED
Apr 16, 2019 08:50:06.23 [33808:15676:0416/085006.235:ERROR:appcache_update_url_loader_request.cc(139)] NOT IMPLEMENTED
Apr 16, 2019 08:50:06.25 [33808:15676:0416/085006.251:ERROR:appcache_update_url_loader_request.cc(139)] NOT IMPLEMENTED
Apr 16, 2019 08:50:06.25 [33808:15676:0416/085006.254:ERROR:appcache_update_url_loader_request.cc(139)] NOT IMPLEMENTED
Apr 16, 2019 08:50:06.27 [33808:15676:0416/085006.271:ERROR:appcache_update_url_loader_request.cc(139)] NOT IMPLEMENTED
Apr 16, 2019 08:50:06.28 [33808:15676:0416/085006.280:ERROR:appcache_update_url_loader_request.cc(139)] NOT IMPLEMENTED
Apr 16, 2019 08:50:06.28 [33808:15676:0416/085006.288:ERROR:appcache_update_url_loader_request.cc(139)] NOT IMPLEMENTED
Apr 16, 2019 08:50:06.29 [33808:15676:0416/085006.296:ERROR:appcache_update_url_loader_request.cc(139)] NOT IMPLEMENTED
Apr 16, 2019 08:50:06.30 [33808:15676:0416/085006.304:ERROR:appcache_update_url_loader_request.cc(139)] NOT IMPLEMENTED
Apr 16, 2019 08:50:06.31 [33808:15676:0416/085006.312:ERROR:appcache_update_url_loader_request.cc(139)] NOT IMPLEMENTED
Apr 16, 2019 08:50:06.32 [33808:15676:0416/085006.320:ERROR:appcache_update_url_loader_request.cc(139)] NOT IMPLEMENTED
Apr 16, 2019 08:50:06.32 [33808:15676:0416/085006.328:ERROR:appcache_update_url_loader_request.cc(139)] NOT IMPLEMENTED
Apr 16, 2019 08:50:06.33 [33808:15676:0416/085006.337:ERROR:appcache_update_url_loader_request.cc(139)] NOT IMPLEMENTED
Apr 16, 2019 08:50:06.34 [33808:15676:0416/085006.345:ERROR:appcache_update_url_loader_request.cc(139)] NOT IMPLEMENTED
Apr 16, 2019 08:50:06.35 [33808:15676:0416/085006.352:ERROR:appcache_update_url_loader_request.cc(139)] NOT IMPLEMENTED
Apr 16, 2019 08:50:06.36 [33808:15676:0416/085006.360:ERROR:appcache_update_url_loader_request.cc(139)] NOT IMPLEMENTED
Apr 16, 2019 08:50:06.36 [33808:15676:0416/085006.368:ERROR:appcache_update_url_loader_request.cc(139)] NOT IMPLEMENTED
Apr 16, 2019 08:50:06.37 [33808:15676:0416/085006.375:ERROR:appcache_update_url_loader_request.cc(139)] NOT IMPLEMENTED
Apr 16, 2019 08:50:06.38 [33808:15676:0416/085006.383:ERROR:appcache_update_url_loader_request.cc(139)] NOT IMPLEMENTED
Apr 16, 2019 08:50:06.45 [33808:15676:0416/085006.441:ERROR:appcache_update_url_loader_request.cc(139)] NOT IMPLEMENTED
Apr 16, 2019 08:50:06.45 [33808:15676:0416/085006.454:ERROR:appcache_update_url_loader_request.cc(139)] NOT IMPLEMENTED
Apr 16, 2019 08:50:06.46 [33808:15676:0416/085006.464:ERROR:appcache_update_url_loader_request.cc(139)] NOT IMPLEMENTED
Apr 16, 2019 08:50:06.47 [33808:15676:0416/085006.470:ERROR:appcache_update_url_loader_request.cc(139)] NOT IMPLEMENTED
Apr 16, 2019 08:50:06.47 [33808:15676:0416/085006.478:ERROR:appcache_update_url_loader_request.cc(139)] NOT IMPLEMENTED
Apr 16, 2019 08:50:06.48 [33808:15676:0416/085006.486:ERROR:appcache_update_url_loader_request.cc(139)] NOT IMPLEMENTED
Apr 16, 2019 08:50:06.49 [33808:15676:0416/085006.494:ERROR:appcache_update_url_loader_request.cc(139)] NOT IMPLEMENTED
Apr 16, 2019 08:50:06.50 [33808:15676:0416/085006.503:ERROR:appcache_update_url_loader_request.cc(139)] NOT IMPLEMENTED
Apr 16, 2019 08:50:06.51 [33808:15676:0416/085006.511:ERROR:appcache_update_url_loader_request.cc(139)] NOT IMPLEMENTED
Apr 16, 2019 08:50:06.51 [33808:15676:0416/085006.519:ERROR:appcache_update_url_loader_request.cc(139)] NOT IMPLEMENTED
Apr 16, 2019 08:50:06.52 [33808:15676:0416/085006.529:ERROR:appcache_update_url_loader_request.cc(139)] NOT IMPLEMENTED
Apr 16, 2019 08:50:06.53 [33808:15676:0416/085006.535:ERROR:appcache_update_url_loader_request.cc(139)] NOT IMPLEMENTED
Apr 16, 2019 08:50:06.54 [33808:15676:0416/085006.543:ERROR:appcache_update_url_loader_request.cc(139)] NOT IMPLEMENTED
Apr 16, 2019 08:50:06.55 [33808:15676:0416/085006.552:ERROR:appcache_update_url_loader_request.cc(139)] NOT IMPLEMENTED
Apr 16, 2019 08:50:06.55 [33808:15676:0416/085006.558:ERROR:appcache_update_url_loader_request.cc(139)] NOT IMPLEMENTED
Apr 16, 2019 08:50:06.56 [33808:15676:0416/085006.566:ERROR:appcache_update_url_loader_request.cc(139)] NOT IMPLEMENTED
Apr 16, 2019 08:50:06.57 [33808:15676:0416/085006.575:ERROR:appcache_update_url_loader_request.cc(139)] NOT IMPLEMENTED
Apr 16, 2019 08:50:06.58 [33808:15676:0416/085006.583:ERROR:appcache_update_url_loader_request.cc(139)] NOT IMPLEMENTED
Apr 16, 2019 08:50:06.59 [33808:15676:0416/085006.592:ERROR:appcache_update_url_loader_request.cc(139)] NOT IMPLEMENTED
Apr 16, 2019 08:50:06.59 [33808:15676:0416/085006.599:ERROR:appcache_update_url_loader_request.cc(139)] NOT IMPLEMENTED
Apr 16, 2019 08:50:06.60 [33808:15676:0416/085006.606:ERROR:appcache_update_url_loader_request.cc(139)] NOT IMPLEMENTED
Apr 16, 2019 08:50:06.61 [33808:15676:0416/085006.617:ERROR:appcache_update_url_loader_request.cc(139)] NOT IMPLEMENTED
Apr 16, 2019 08:50:06.62 [33808:15676:0416/085006.625:ERROR:appcache_update_url_loader_request.cc(139)] NOT IMPLEMENTED
Apr 16, 2019 08:50:06.63 [33808:15676:0416/085006.632:ERROR:appcache_update_url_loader_request.cc(139)] NOT IMPLEMENTED
Apr 16, 2019 08:50:06.64 [33808:15676:0416/085006.640:ERROR:appcache_update_url_loader_request.cc(139)] NOT IMPLEMENTED
Apr 16, 2019 08:50:06.64 [33808:15676:0416/085006.649:ERROR:appcache_update_url_loader_request.cc(139)] NOT IMPLEMENTED
Apr 16, 2019 08:50:06.65 [33808:15676:0416/085006.658:ERROR:appcache_update_url_loader_request.cc(139)] NOT IMPLEMENTED
Apr 16, 2019 08:50:06.66 [33808:15676:0416/085006.667:ERROR:appcache_update_url_loader_request.cc(139)] NOT IMPLEMENTED
Apr 16, 2019 08:50:06.67 [33808:15676:0416/085006.675:ERROR:appcache_update_url_loader_request.cc(139)] NOT IMPLEMENTED
Apr 16, 2019 08:50:06.68 [33808:15676:0416/085006.683:ERROR:appcache_update_url_loader_request.cc(139)] NOT IMPLEMENTED
Apr 16, 2019 08:50:06.69 [33808:15676:0416/085006.691:ERROR:appcache_update_url_loader_request.cc(139)] NOT IMPLEMENTED
Apr 16, 2019 08:50:06.69 [33808:15676:0416/085006.698:ERROR:appcache_update_url_loader_request.cc(139)] NOT IMPLEMENTED
Apr 16, 2019 08:50:06.71 [33808:15676:0416/085006.709:ERROR:appcache_update_url_loader_request.cc(139)] NOT IMPLEMENTED
Apr 16, 2019 08:50:06.71 [33808:15676:0416/085006.717:ERROR:appcache_update_url_loader_request.cc(139)] NOT IMPLEMENTED
Apr 16, 2019 08:50:06.72 [33808:15676:0416/085006.720:ERROR:appcache_update_url_loader_request.cc(139)] NOT IMPLEMENTED
Apr 16, 2019 08:50:06.72 [33808:15676:0416/085006.728:ERROR:appcache_update_url_loader_request.cc(139)] NOT IMPLEMENTED
Apr 16, 2019 08:50:06.73 [33808:15676:0416/085006.734:ERROR:appcache_update_url_loader_request.cc(139)] NOT IMPLEMENTED
Apr 16, 2019 08:50:06.74 [33808:15676:0416/085006.741:ERROR:appcache_update_url_loader_request.cc(139)] NOT IMPLEMENTED
Apr 16, 2019 08:50:06.75 [33808:15676:0416/085006.750:ERROR:appcache_update_url_loader_request.cc(139)] NOT IMPLEMENTED
Apr 16, 2019 08:50:06.75 [33808:15676:0416/085006.757:ERROR:appcache_update_url_loader_request.cc(139)] NOT IMPLEMENTED
Apr 16, 2019 08:50:06.76 [33808:15676:0416/085006.765:ERROR:appcache_update_url_loader_request.cc(139)] NOT IMPLEMENTED
Apr 16, 2019 08:50:06.80 [33808:15676:0416/085006.805:ERROR:appcache_update_url_loader_request.cc(139)] NOT IMPLEMENTED
Apr 16, 2019 08:50:06.81 [33808:15676:0416/085006.812:ERROR:appcache_update_url_loader_request.cc(139)] NOT IMPLEMENTED
Apr 16, 2019 08:50:06.82 [33808:15676:0416/085006.820:ERROR:appcache_update_url_loader_request.cc(139)] NOT IMPLEMENTED
Apr 16, 2019 08:50:06.82 [33808:15676:0416/085006.828:ERROR:appcache_update_url_loader_request.cc(139)] NOT IMPLEMENTED
Apr 16, 2019 08:50:06.82 [33808:15676:0416/085006.828:ERROR:appcache_update_url_loader_request.cc(139)] NOT IMPLEMENTED
Apr 16, 2019 08:50:06.83 [33808:15676:0416/085006.838:ERROR:appcache_update_url_loader_request.cc(139)] NOT IMPLEMENTED
Apr 16, 2019 08:50:06.84 [33808:15676:0416/085006.845:ERROR:appcache_update_url_loader_request.cc(139)] NOT IMPLEMENTED
Apr 16, 2019 08:50:06.85 [33808:15676:0416/085006.855:ERROR:appcache_update_url_loader_request.cc(139)] NOT IMPLEMENTED
Apr 16, 2019 08:50:06.86 [33808:15676:0416/085006.860:ERROR:appcache_update_url_loader_request.cc(139)] NOT IMPLEMENTED
Apr 16, 2019 08:50:06.86 [33808:15676:0416/085006.868:ERROR:appcache_update_url_loader_request.cc(139)] NOT IMPLEMENTED
Apr 16, 2019 08:50:06.87 [33808:15676:0416/085006.876:ERROR:appcache_update_url_loader_request.cc(139)] NOT IMPLEMENTED
Apr 16, 2019 08:50:06.88 [33808:15676:0416/085006.883:ERROR:appcache_update_url_loader_request.cc(139)] NOT IMPLEMENTED
Apr 16, 2019 08:50:06.89 [33808:15676:0416/085006.891:ERROR:appcache_update_url_loader_request.cc(139)] NOT IMPLEMENTED
Apr 16, 2019 08:50:06.90 [33808:15676:0416/085006.899:ERROR:appcache_update_url_loader_request.cc(139)] NOT IMPLEMENTED
Apr 16, 2019 08:50:06.90 [33808:15676:0416/085006.907:ERROR:appcache_update_url_loader_request.cc(139)] NOT IMPLEMENTED
Apr 16, 2019 08:50:06.91 [33808:15676:0416/085006.916:ERROR:appcache_update_url_loader_request.cc(139)] NOT IMPLEMENTED
Apr 16, 2019 08:50:06.92 [33808:15676:0416/085006.922:ERROR:appcache_update_url_loader_request.cc(139)] NOT IMPLEMENTED
Apr 16, 2019 08:50:06.93 [33808:15676:0416/085006.932:ERROR:appcache_update_url_loader_request.cc(139)] NOT IMPLEMENTED
Apr 16, 2019 08:50:06.94 [33808:15676:0416/085006.947:ERROR:appcache_update_url_loader_request.cc(139)] NOT IMPLEMENTED
Apr 16, 2019 08:50:06.95 [33808:15676:0416/085006.954:ERROR:appcache_update_url_loader_request.cc(139)] NOT IMPLEMENTED
Apr 16, 2019 08:50:06.96 [33808:15676:0416/085006.965:ERROR:appcache_update_url_loader_request.cc(139)] NOT IMPLEMENTED
Apr 16, 2019 08:50:06.97 [33808:15676:0416/085006.977:ERROR:appcache_update_url_loader_request.cc(139)] NOT IMPLEMENTED
Apr 16, 2019 08:50:06.97 [33808:15676:0416/085006.978:ERROR:appcache_update_url_loader_request.cc(139)] NOT IMPLEMENTED
Apr 16, 2019 08:50:06.98 [33808:15676:0416/085006.985:ERROR:appcache_update_url_loader_request.cc(139)] NOT IMPLEMENTED
Apr 16, 2019 08:50:06.99 [33808:15676:0416/085006.992:ERROR:appcache_update_url_loader_request.cc(139)] NOT IMPLEMENTED
Apr 16, 2019 08:50:07.00 [33808:15676:0416/085007.000:ERROR:appcache_update_url_loader_request.cc(139)] NOT IMPLEMENTED
Apr 16, 2019 08:50:07.01 [33808:15676:0416/085007.008:ERROR:appcache_update_url_loader_request.cc(139)] NOT IMPLEMENTED
Apr 16, 2019 08:50:07.01 [33808:15676:0416/085007.014:ERROR:appcache_update_url_loader_request.cc(139)] NOT IMPLEMENTED
Apr 16, 2019 08:50:07.02 [33808:15676:0416/085007.023:ERROR:appcache_update_url_loader_request.cc(139)] NOT IMPLEMENTED
Apr 16, 2019 08:50:07.03 [33808:15676:0416/085007.030:ERROR:appcache_update_url_loader_request.cc(139)] NOT IMPLEMENTED
Apr 16, 2019 08:50:07.04 [33808:15676:0416/085007.039:ERROR:appcache_update_url_loader_request.cc(139)] NOT IMPLEMENTED
Apr 16, 2019 08:50:07.04 [33808:15676:0416/085007.048:ERROR:appcache_update_url_loader_request.cc(139)] NOT IMPLEMENTED
Apr 16, 2019 08:50:07.05 [33808:15676:0416/085007.053:ERROR:appcache_update_url_loader_request.cc(139)] NOT IMPLEMENTED
Apr 16, 2019 08:50:07.06 [33808:15676:0416/085007.061:ERROR:appcache_update_url_loader_request.cc(139)] NOT IMPLEMENTED
Apr 16, 2019 08:50:07.07 [33808:15676:0416/085007.070:ERROR:appcache_update_url_loader_request.cc(139)] NOT IMPLEMENTED
Apr 16, 2019 08:50:07.07 [33808:15676:0416/085007.078:ERROR:appcache_update_url_loader_request.cc(139)] NOT IMPLEMENTED
Apr 16, 2019 08:50:07.08 [33808:15676:0416/085007.086:ERROR:appcache_update_url_loader_request.cc(139)] NOT IMPLEMENTED
Apr 16, 2019 08:50:07.10 [33808:15676:0416/085007.101:ERROR:appcache_update_url_loader_request.cc(139)] NOT IMPLEMENTED
Apr 16, 2019 08:50:07.11 [33808:15676:0416/085007.112:ERROR:appcache_update_url_loader_request.cc(139)] NOT IMPLEMENTED
Apr 16, 2019 08:50:07.12 [33808:15676:0416/085007.123:ERROR:appcache_update_url_loader_request.cc(139)] NOT IMPLEMENTED
Apr 16, 2019 08:50:07.13 [33808:15676:0416/085007.136:ERROR:appcache_update_url_loader_request.cc(139)] NOT IMPLEMENTED
Apr 16, 2019 08:50:07.14 [33808:15676:0416/085007.145:ERROR:appcache_update_url_loader_request.cc(139)] NOT IMPLEMENTED
Apr 16, 2019 08:50:07.15 [33808:15676:0416/085007.152:ERROR:appcache_update_url_loader_request.cc(139)] NOT IMPLEMENTED
Apr 16, 2019 08:50:07.16 [33808:15676:0416/085007.159:ERROR:appcache_update_url_loader_request.cc(139)] NOT IMPLEMENTED
Apr 16, 2019 08:50:07.16 [33808:15676:0416/085007.167:ERROR:appcache_update_url_loader_request.cc(139)] NOT IMPLEMENTED
Apr 16, 2019 08:50:07.17 [33808:15676:0416/085007.176:ERROR:appcache_update_url_loader_request.cc(139)] NOT IMPLEMENTED
Apr 16, 2019 08:50:07.18 [33808:15676:0416/085007.185:ERROR:appcache_update_url_loader_request.cc(139)] NOT IMPLEMENTED
Apr 16, 2019 08:50:07.19 [33808:15676:0416/085007.191:ERROR:appcache_update_url_loader_request.cc(139)] NOT IMPLEMENTED
Apr 16, 2019 08:50:07.19 [33808:15676:0416/085007.199:ERROR:appcache_update_url_loader_request.cc(139)] NOT IMPLEMENTED
Apr 16, 2019 08:50:07.20 [33808:15676:0416/085007.207:ERROR:appcache_update_url_loader_request.cc(139)] NOT IMPLEMENTED
Apr 16, 2019 08:50:07.21 [33808:15676:0416/085007.216:ERROR:appcache_update_url_loader_request.cc(139)] NOT IMPLEMENTED
Apr 16, 2019 08:50:07.22 [33808:15676:0416/085007.224:ERROR:appcache_update_url_loader_request.cc(139)] NOT IMPLEMENTED
Apr 16, 2019 08:50:07.23 [33808:15676:0416/085007.231:ERROR:appcache_update_url_loader_request.cc(139)] NOT IMPLEMENTED
Apr 16, 2019 08:50:07.23 [33808:15676:0416/085007.239:ERROR:appcache_update_url_loader_request.cc(139)] NOT IMPLEMENTED
Apr 16, 2019 08:50:07.24 [33808:15676:0416/085007.241:ERROR:appcache_update_url_loader_request.cc(139)] NOT IMPLEMENTED
Apr 16, 2019 08:50:07.24 [33808:15676:0416/085007.248:ERROR:appcache_update_url_loader_request.cc(139)] NOT IMPLEMENTED
Apr 16, 2019 08:50:07.25 [33808:15676:0416/085007.254:ERROR:appcache_update_url_loader_request.cc(139)] NOT IMPLEMENTED
Apr 16, 2019 08:50:07.26 [33808:15676:0416/085007.262:ERROR:appcache_update_url_loader_request.cc(139)] NOT IMPLEMENTED
Apr 16, 2019 08:50:07.27 [33808:15676:0416/085007.270:ERROR:appcache_update_url_loader_request.cc(139)] NOT IMPLEMENTED
Apr 16, 2019 08:50:07.28 [33808:15676:0416/085007.284:ERROR:appcache_update_url_loader_request.cc(139)] NOT IMPLEMENTED
Apr 16, 2019 08:50:07.29 [33808:15676:0416/085007.298:ERROR:appcache_update_url_loader_request.cc(139)] NOT IMPLEMENTED
Apr 16, 2019 08:50:07.31 [33808:15676:0416/085007.318:ERROR:appcache_update_url_loader_request.cc(139)] NOT IMPLEMENTED
Apr 16, 2019 08:50:07.32 [33808:15676:0416/085007.327:ERROR:appcache_update_url_loader_request.cc(139)] NOT IMPLEMENTED
Apr 16, 2019 08:50:07.34 [33808:15676:0416/085007.341:ERROR:appcache_update_url_loader_request.cc(139)] NOT IMPLEMENTED
Apr 16, 2019 08:50:07.35 [33808:15676:0416/085007.351:ERROR:appcache_update_url_loader_request.cc(139)] NOT IMPLEMENTED
Apr 16, 2019 08:50:07.35 [33808:15676:0416/085007.358:ERROR:appcache_update_url_loader_request.cc(139)] NOT IMPLEMENTED
Apr 16, 2019 08:50:07.36 [33808:15676:0416/085007.367:ERROR:appcache_update_url_loader_request.cc(139)] NOT IMPLEMENTED
Apr 16, 2019 08:50:07.37 [33808:15676:0416/085007.375:ERROR:appcache_update_url_loader_request.cc(139)] NOT IMPLEMENTED
Apr 16, 2019 08:50:07.38 [33808:15676:0416/085007.384:ERROR:appcache_update_url_loader_request.cc(139)] NOT IMPLEMENTED
Apr 16, 2019 08:50:07.39 [33808:15676:0416/085007.392:ERROR:appcache_update_url_loader_request.cc(139)] NOT IMPLEMENTED
Apr 16, 2019 08:50:07.40 [33808:15676:0416/085007.402:ERROR:appcache_update_url_loader_request.cc(139)] NOT IMPLEMENTED
Apr 16, 2019 08:50:07.41 [33808:15676:0416/085007.409:ERROR:appcache_update_url_loader_request.cc(139)] NOT IMPLEMENTED
Apr 16, 2019 08:50:07.41 [33808:15676:0416/085007.416:ERROR:appcache_update_url_loader_request.cc(139)] NOT IMPLEMENTED
Apr 16, 2019 08:50:07.42 [33808:15676:0416/085007.424:ERROR:appcache_update_url_loader_request.cc(139)] NOT IMPLEMENTED
Apr 16, 2019 08:50:07.43 [33808:15676:0416/085007.432:ERROR:appcache_update_url_loader_request.cc(139)] NOT IMPLEMENTED
Apr 16, 2019 08:50:07.44 [33808:15676:0416/085007.440:ERROR:appcache_update_url_loader_request.cc(139)] NOT IMPLEMENTED
Apr 16, 2019 08:50:07.44 [33808:15676:0416/085007.449:ERROR:appcache_update_url_loader_request.cc(139)] NOT IMPLEMENTED
Apr 16, 2019 08:50:07.45 [33808:15676:0416/085007.457:ERROR:appcache_update_url_loader_request.cc(139)] NOT IMPLEMENTED
Apr 16, 2019 08:50:07.46 [33808:15676:0416/085007.461:ERROR:appcache_update_url_loader_request.cc(139)] NOT IMPLEMENTED
Apr 16, 2019 08:50:07.47 [33808:15676:0416/085007.477:ERROR:appcache_update_url_loader_request.cc(139)] NOT IMPLEMENTED
Apr 16, 2019 08:50:07.48 [33808:15676:0416/085007.484:ERROR:appcache_update_url_loader_request.cc(139)] NOT IMPLEMENTED
Apr 16, 2019 08:50:07.48 [33808:15676:0416/085007.489:ERROR:appcache_update_url_loader_request.cc(139)] NOT IMPLEMENTED
Apr 16, 2019 08:50:07.50 [33808:15676:0416/085007.503:ERROR:appcache_update_url_loader_request.cc(139)] NOT IMPLEMENTED
Apr 16, 2019 08:50:07.52 [33808:15676:0416/085007.519:ERROR:appcache_update_url_loader_request.cc(139)] NOT IMPLEMENTED
Apr 16, 2019 08:50:07.52 [33808:15676:0416/085007.526:ERROR:appcache_update_url_loader_request.cc(139)] NOT IMPLEMENTED
Apr 16, 2019 08:50:07.53 [33808:15676:0416/085007.535:ERROR:appcache_update_url_loader_request.cc(139)] NOT IMPLEMENTED
Apr 16, 2019 08:50:07.54 [33808:15676:0416/085007.544:ERROR:appcache_update_url_loader_request.cc(139)] NOT IMPLEMENTED
Apr 16, 2019 08:50:07.55 [33808:15676:0416/085007.555:ERROR:appcache_update_url_loader_request.cc(139)] NOT IMPLEMENTED
Apr 16, 2019 08:50:07.56 [33808:15676:0416/085007.561:ERROR:appcache_update_url_loader_request.cc(139)] NOT IMPLEMENTED
Apr 16, 2019 08:50:07.56 [33808:15676:0416/085007.568:ERROR:appcache_update_url_loader_request.cc(139)] NOT IMPLEMENTED
Apr 16, 2019 08:50:07.57 [33808:15676:0416/085007.575:ERROR:appcache_update_url_loader_request.cc(139)] NOT IMPLEMENTED
Apr 16, 2019 08:50:07.58 [33808:15676:0416/085007.583:ERROR:appcache_update_url_loader_request.cc(139)] NOT IMPLEMENTED
Apr 16, 2019 08:50:07.59 [33808:15676:0416/085007.591:ERROR:appcache_update_url_loader_request.cc(139)] NOT IMPLEMENTED
Apr 16, 2019 08:50:07.59 [33808:15676:0416/085007.599:ERROR:appcache_update_url_loader_request.cc(139)] NOT IMPLEMENTED
Apr 16, 2019 08:50:07.60 [33808:15676:0416/085007.606:ERROR:appcache_update_url_loader_request.cc(139)] NOT IMPLEMENTED
Apr 16, 2019 08:50:07.61 [33808:15676:0416/085007.615:ERROR:appcache_update_url_loader_request.cc(139)] NOT IMPLEMENTED
Apr 16, 2019 08:50:07.62 [33808:15676:0416/085007.624:ERROR:appcache_update_url_loader_request.cc(139)] NOT IMPLEMENTED
Apr 16, 2019 08:50:07.63 [33808:15676:0416/085007.630:ERROR:appcache_update_url_loader_request.cc(139)] NOT IMPLEMENTED
Apr 16, 2019 08:50:07.63 [33808:15676:0416/085007.638:ERROR:appcache_update_url_loader_request.cc(139)] NOT IMPLEMENTED
Apr 16, 2019 08:50:07.64 [33808:15676:0416/085007.646:ERROR:appcache_update_url_loader_request.cc(139)] NOT IMPLEMENTED
Apr 16, 2019 08:50:07.65 [33808:15676:0416/085007.657:ERROR:appcache_update_url_loader_request.cc(139)] NOT IMPLEMENTED
Apr 16, 2019 08:50:07.66 [33808:15676:0416/085007.667:ERROR:appcache_update_url_loader_request.cc(139)] NOT IMPLEMENTED
Apr 16, 2019 08:50:07.67 [33808:15676:0416/085007.677:ERROR:appcache_update_url_loader_request.cc(139)] NOT IMPLEMENTED
Apr 16, 2019 08:50:07.68 [33808:15676:0416/085007.686:ERROR:appcache_update_url_loader_request.cc(139)] NOT IMPLEMENTED
Apr 16, 2019 08:50:07.69 [33808:15676:0416/085007.694:ERROR:appcache_update_url_loader_request.cc(139)] NOT IMPLEMENTED
Apr 16, 2019 08:50:07.70 [33808:15676:0416/085007.702:ERROR:appcache_update_url_loader_request.cc(139)] NOT IMPLEMENTED
Apr 16, 2019 08:50:07.71 [33808:15676:0416/085007.710:ERROR:appcache_update_url_loader_request.cc(139)] NOT IMPLEMENTED
Apr 16, 2019 08:50:07.71 [33808:15676:0416/085007.718:ERROR:appcache_update_url_loader_request.cc(139)] NOT IMPLEMENTED
Apr 16, 2019 08:50:07.72 [33808:15676:0416/085007.726:ERROR:appcache_update_url_loader_request.cc(139)] NOT IMPLEMENTED
Apr 16, 2019 08:50:07.73 [33808:15676:0416/085007.733:ERROR:appcache_update_url_loader_request.cc(139)] NOT IMPLEMENTED
Apr 16, 2019 08:50:07.74 [33808:15676:0416/085007.741:ERROR:appcache_update_url_loader_request.cc(139)] NOT IMPLEMENTED
Apr 16, 2019 08:50:07.74 [33808:15676:0416/085007.748:ERROR:appcache_update_url_loader_request.cc(139)] NOT IMPLEMENTED
Apr 16, 2019 08:50:07.76 [33808:15676:0416/085007.765:ERROR:appcache_update_url_loader_request.cc(139)] NOT IMPLEMENTED
Apr 16, 2019 08:50:07.77 [33808:15676:0416/085007.773:ERROR:appcache_update_url_loader_request.cc(139)] NOT IMPLEMENTED
Apr 16, 2019 08:50:07.78 [33808:15676:0416/085007.781:ERROR:appcache_update_url_loader_request.cc(139)] NOT IMPLEMENTED
Apr 16, 2019 08:50:07.79 [33808:15676:0416/085007.789:ERROR:appcache_update_url_loader_request.cc(139)] NOT IMPLEMENTED
Apr 16, 2019 08:50:07.79 [33808:15676:0416/085007.796:ERROR:appcache_update_url_loader_request.cc(139)] NOT IMPLEMENTED
Apr 16, 2019 08:50:07.80 [33808:15676:0416/085007.803:ERROR:appcache_update_url_loader_request.cc(139)] NOT IMPLEMENTED
Apr 16, 2019 08:50:07.81 [33808:15676:0416/085007.812:ERROR:appcache_update_url_loader_request.cc(139)] NOT IMPLEMENTED
Apr 16, 2019 08:50:07.81 [33808:15676:0416/085007.813:ERROR:appcache_update_url_loader_request.cc(139)] NOT IMPLEMENTED
Apr 16, 2019 08:50:07.82 [33808:15676:0416/085007.821:ERROR:appcache_update_url_loader_request.cc(139)] NOT IMPLEMENTED
Apr 16, 2019 08:50:07.82 [33808:15676:0416/085007.827:ERROR:appcache_update_url_loader_request.cc(139)] NOT IMPLEMENTED
Apr 16, 2019 08:50:07.83 [33808:15676:0416/085007.835:ERROR:appcache_update_url_loader_request.cc(139)] NOT IMPLEMENTED
Apr 16, 2019 08:50:07.84 [33808:15676:0416/085007.842:ERROR:appcache_update_url_loader_request.cc(139)] NOT IMPLEMENTED
Apr 16, 2019 08:50:07.85 [33808:15676:0416/085007.850:ERROR:appcache_update_url_loader_request.cc(139)] NOT IMPLEMENTED
Apr 16, 2019 08:50:07.85 [33808:15676:0416/085007.858:ERROR:appcache_update_url_loader_request.cc(139)] NOT IMPLEMENTED
Apr 16, 2019 08:50:07.86 [33808:15676:0416/085007.866:ERROR:appcache_update_url_loader_request.cc(139)] NOT IMPLEMENTED
Apr 16, 2019 08:50:07.87 [33808:15676:0416/085007.876:ERROR:appcache_update_url_loader_request.cc(139)] NOT IMPLEMENTED
Apr 16, 2019 08:50:07.88 [33808:15676:0416/085007.883:ERROR:appcache_update_url_loader_request.cc(139)] NOT IMPLEMENTED
Apr 16, 2019 08:50:07.89 [33808:15676:0416/085007.889:ERROR:appcache_update_url_loader_request.cc(139)] NOT IMPLEMENTED
Apr 16, 2019 08:50:07.89 [33808:15676:0416/085007.897:ERROR:appcache_update_url_loader_request.cc(139)] NOT IMPLEMENTED
Apr 16, 2019 08:50:07.90 [33808:15676:0416/085007.905:ERROR:appcache_update_url_loader_request.cc(139)] NOT IMPLEMENTED
Apr 16, 2019 08:50:07.91 [33808:15676:0416/085007.916:ERROR:appcache_update_url_loader_request.cc(139)] NOT IMPLEMENTED
Apr 16, 2019 08:50:07.92 [33808:15676:0416/085007.922:ERROR:appcache_update_url_loader_request.cc(139)] NOT IMPLEMENTED
Apr 16, 2019 08:50:07.93 [33808:15676:0416/085007.929:ERROR:appcache_update_url_loader_request.cc(139)] NOT IMPLEMENTED
Apr 16, 2019 08:50:07.93 [33808:15676:0416/085007.937:ERROR:appcache_update_url_loader_request.cc(139)] NOT IMPLEMENTED
Apr 16, 2019 08:50:07.94 [33808:15676:0416/085007.945:ERROR:appcache_update_url_loader_request.cc(139)] NOT IMPLEMENTED
Apr 16, 2019 08:50:07.95 [33808:15676:0416/085007.953:ERROR:appcache_update_url_loader_request.cc(139)] NOT IMPLEMENTED
Apr 16, 2019 08:50:07.96 [33808:15676:0416/085007.960:ERROR:appcache_update_url_loader_request.cc(139)] NOT IMPLEMENTED
Apr 16, 2019 08:50:07.96 [33808:15676:0416/085007.968:ERROR:appcache_update_url_loader_request.cc(139)] NOT IMPLEMENTED
Apr 16, 2019 08:50:07.97 [33808:15676:0416/085007.977:ERROR:appcache_update_url_loader_request.cc(139)] NOT IMPLEMENTED
Apr 16, 2019 08:50:07.98 [33808:15676:0416/085007.984:ERROR:appcache_update_url_loader_request.cc(139)] NOT IMPLEMENTED
Apr 16, 2019 08:50:07.99 [33808:15676:0416/085007.992:ERROR:appcache_update_url_loader_request.cc(139)] NOT IMPLEMENTED
Apr 16, 2019 08:50:08.00 [33808:15676:0416/085008.000:ERROR:appcache_update_url_loader_request.cc(139)] NOT IMPLEMENTED
Apr 16, 2019 08:50:08.00 [33808:15676:0416/085008.008:ERROR:appcache_update_url_loader_request.cc(139)] NOT IMPLEMENTED
Apr 16, 2019 08:50:08.01 [33808:15676:0416/085008.015:ERROR:appcache_update_url_loader_request.cc(139)] NOT IMPLEMENTED
Apr 16, 2019 08:50:08.02 [33808:15676:0416/085008.023:ERROR:appcache_update_url_loader_request.cc(139)] NOT IMPLEMENTED
Apr 16, 2019 08:50:08.03 [33808:15676:0416/085008.031:ERROR:appcache_update_url_loader_request.cc(139)] NOT IMPLEMENTED
Apr 16, 2019 08:50:08.04 [33808:15676:0416/085008.039:ERROR:appcache_update_url_loader_request.cc(139)] NOT IMPLEMENTED
Apr 16, 2019 08:50:08.04 [33808:15676:0416/085008.047:ERROR:appcache_update_url_loader_request.cc(139)] NOT IMPLEMENTED
Apr 16, 2019 08:50:08.05 [33808:15676:0416/085008.055:ERROR:appcache_update_url_loader_request.cc(139)] NOT IMPLEMENTED
Apr 16, 2019 08:50:08.06 [33808:15676:0416/085008.064:ERROR:appcache_update_url_loader_request.cc(139)] NOT IMPLEMENTED
Apr 16, 2019 08:50:08.06 [33808:15676:0416/085008.066:ERROR:appcache_update_url_loader_request.cc(139)] NOT IMPLEMENTED
Apr 16, 2019 08:50:08.07 [33808:15676:0416/085008.073:ERROR:appcache_update_url_loader_request.cc(139)] NOT IMPLEMENTED
Apr 16, 2019 08:50:08.07 [33808:15676:0416/085008.078:ERROR:appcache_update_url_loader_request.cc(139)] NOT IMPLEMENTED
Apr 16, 2019 08:50:08.08 [33808:15676:0416/085008.087:ERROR:appcache_update_url_loader_request.cc(139)] NOT IMPLEMENTED
Apr 16, 2019 08:50:08.09 [33808:15676:0416/085008.094:ERROR:appcache_update_url_loader_request.cc(139)] NOT IMPLEMENTED
Apr 16, 2019 08:50:08.10 [33808:15676:0416/085008.102:ERROR:appcache_update_url_loader_request.cc(139)] NOT IMPLEMENTED
Apr 16, 2019 08:50:08.11 [33808:15676:0416/085008.110:ERROR:appcache_update_url_loader_request.cc(139)] NOT IMPLEMENTED
Apr 16, 2019 08:50:08.11 [33808:15676:0416/085008.118:ERROR:appcache_update_url_loader_request.cc(139)] NOT IMPLEMENTED
Apr 16, 2019 08:50:08.12 [33808:15676:0416/085008.125:ERROR:appcache_update_url_loader_request.cc(139)] NOT IMPLEMENTED
Apr 16, 2019 08:50:08.12 [33808:15676:0416/085008.126:ERROR:appcache_update_url_loader_request.cc(139)] NOT IMPLEMENTED
Apr 16, 2019 08:50:08.13 [33808:15676:0416/085008.136:ERROR:appcache_update_url_loader_request.cc(139)] NOT IMPLEMENTED
Apr 16, 2019 08:50:08.14 [33808:15676:0416/085008.141:ERROR:appcache_update_url_loader_request.cc(139)] NOT IMPLEMENTED
Apr 16, 2019 08:50:08.15 [33808:15676:0416/085008.150:ERROR:appcache_update_url_loader_request.cc(139)] NOT IMPLEMENTED
Apr 16, 2019 08:50:08.15 [33808:15676:0416/085008.157:ERROR:appcache_update_url_loader_request.cc(139)] NOT IMPLEMENTED
Apr 16, 2019 08:50:08.16 [33808:15676:0416/085008.165:ERROR:appcache_update_url_loader_request.cc(139)] NOT IMPLEMENTED
Apr 16, 2019 08:50:08.17 [33808:15676:0416/085008.173:ERROR:appcache_update_url_loader_request.cc(139)] NOT IMPLEMENTED
Apr 16, 2019 08:50:08.18 [33808:15676:0416/085008.181:ERROR:appcache_update_url_loader_request.cc(139)] NOT IMPLEMENTED
Apr 16, 2019 08:50:08.19 [33808:15676:0416/085008.189:ERROR:appcache_update_url_loader_request.cc(139)] NOT IMPLEMENTED
Apr 16, 2019 08:50:08.19 [33808:15676:0416/085008.197:ERROR:appcache_update_url_loader_request.cc(139)] NOT IMPLEMENTED
Apr 16, 2019 08:50:08.20 [33808:15676:0416/085008.205:ERROR:appcache_update_url_loader_request.cc(139)] NOT IMPLEMENTED
Apr 16, 2019 08:50:08.21 [33808:15676:0416/085008.213:ERROR:appcache_update_url_loader_request.cc(139)] NOT IMPLEMENTED
Apr 16, 2019 08:50:08.22 [33808:15676:0416/085008.220:ERROR:appcache_update_url_loader_request.cc(139)] NOT IMPLEMENTED
Apr 16, 2019 08:50:08.22 [33808:15676:0416/085008.228:ERROR:appcache_update_url_loader_request.cc(139)] NOT IMPLEMENTED
Apr 16, 2019 08:50:08.23 [33808:15676:0416/085008.235:ERROR:appcache_update_url_loader_request.cc(139)] NOT IMPLEMENTED
Apr 16, 2019 08:50:08.24 [33808:15676:0416/085008.244:ERROR:appcache_update_url_loader_request.cc(139)] NOT IMPLEMENTED
Apr 16, 2019 08:50:08.24 [33808:15676:0416/085008.246:ERROR:appcache_update_url_loader_request.cc(139)] NOT IMPLEMENTED
Apr 16, 2019 08:50:08.25 [33808:15676:0416/085008.250:ERROR:appcache_update_url_loader_request.cc(139)] NOT IMPLEMENTED
Apr 16, 2019 08:50:08.26 [33808:15676:0416/085008.260:ERROR:appcache_update_url_loader_request.cc(139)] NOT IMPLEMENTED
Apr 16, 2019 08:50:08.27 [33808:15676:0416/085008.267:ERROR:appcache_update_url_loader_request.cc(139)] NOT IMPLEMENTED
Apr 16, 2019 08:50:08.27 [33808:15676:0416/085008.275:ERROR:appcache_update_url_loader_request.cc(139)] NOT IMPLEMENTED
Apr 16, 2019 08:50:08.28 [33808:15676:0416/085008.283:ERROR:appcache_update_url_loader_request.cc(139)] NOT IMPLEMENTED
Apr 16, 2019 08:50:08.29 [33808:15676:0416/085008.290:ERROR:appcache_update_url_loader_request.cc(139)] NOT IMPLEMENTED
Apr 16, 2019 08:50:08.29 [33808:15676:0416/085008.293:ERROR:appcache_update_url_loader_request.cc(139)] NOT IMPLEMENTED
Apr 16, 2019 08:50:08.32 [33808:15676:0416/085008.324:ERROR:appcache_update_url_loader_request.cc(139)] NOT IMPLEMENTED
Apr 16, 2019 08:50:08.33 [33808:15676:0416/085008.329:ERROR:appcache_update_url_loader_request.cc(139)] NOT IMPLEMENTED
Apr 16, 2019 08:50:08.37 [33808:15676:0416/085008.377:ERROR:appcache_update_url_loader_request.cc(139)] NOT IMPLEMENTED
Apr 16, 2019 08:50:08.38 [33808:15676:0416/085008.388:ERROR:appcache_update_url_loader_request.cc(139)] NOT IMPLEMENTED
Apr 16, 2019 08:50:08.39 [33808:15676:0416/085008.392:ERROR:appcache_update_url_loader_request.cc(139)] NOT IMPLEMENTED
Apr 16, 2019 08:50:08.40 [33808:15676:0416/085008.400:ERROR:appcache_update_url_loader_request.cc(139)] NOT IMPLEMENTED
Apr 16, 2019 08:50:08.43 [33808:15676:0416/085008.430:ERROR:appcache_update_url_loader_request.cc(139)] NOT IMPLEMENTED
Apr 16, 2019 08:50:08.44 [33808:15676:0416/085008.442:ERROR:appcache_update_url_loader_request.cc(139)] NOT IMPLEMENTED
Apr 16, 2019 08:50:08.44 [33808:15676:0416/085008.448:ERROR:appcache_update_url_loader_request.cc(139)] NOT IMPLEMENTED
Apr 16, 2019 08:50:08.45 [33808:15676:0416/085008.459:ERROR:appcache_update_url_loader_request.cc(139)] NOT IMPLEMENTED
Apr 16, 2019 08:50:08.47 [33808:15676:0416/085008.473:ERROR:appcache_update_url_loader_request.cc(139)] NOT IMPLEMENTED
Apr 16, 2019 08:50:08.48 [33808:15676:0416/085008.481:ERROR:appcache_update_url_loader_request.cc(139)] NOT IMPLEMENTED
Apr 16, 2019 08:50:08.48 [33808:15676:0416/085008.489:ERROR:appcache_update_url_loader_request.cc(139)] NOT IMPLEMENTED
Apr 16, 2019 08:50:08.49 [33808:15676:0416/085008.496:ERROR:appcache_update_url_loader_request.cc(139)] NOT IMPLEMENTED
Apr 16, 2019 08:50:08.50 [33808:15676:0416/085008.505:ERROR:appcache_update_url_loader_request.cc(139)] NOT IMPLEMENTED
Apr 16, 2019 08:50:08.51 [33808:15676:0416/085008.513:ERROR:appcache_update_url_loader_request.cc(139)] NOT IMPLEMENTED
Apr 16, 2019 08:50:08.52 [33808:15676:0416/085008.520:ERROR:appcache_update_url_loader_request.cc(139)] NOT IMPLEMENTED
Apr 16, 2019 08:50:08.52 [33808:15676:0416/085008.528:ERROR:appcache_update_url_loader_request.cc(139)] NOT IMPLEMENTED
Apr 16, 2019 08:50:08.53 [33808:15676:0416/085008.536:ERROR:appcache_update_url_loader_request.cc(139)] NOT IMPLEMENTED
Apr 16, 2019 08:50:08.54 [33808:15676:0416/085008.544:ERROR:appcache_update_url_loader_request.cc(139)] NOT IMPLEMENTED
Apr 16, 2019 08:50:08.55 [33808:15676:0416/085008.552:ERROR:appcache_update_url_loader_request.cc(139)] NOT IMPLEMENTED
Apr 16, 2019 08:50:08.57 [33808:15676:0416/085008.569:ERROR:appcache_update_url_loader_request.cc(139)] NOT IMPLEMENTED
Apr 16, 2019 08:50:08.58 [33808:15676:0416/085008.578:ERROR:appcache_update_url_loader_request.cc(139)] NOT IMPLEMENTED
Apr 16, 2019 08:50:08.58 [33808:15676:0416/085008.585:ERROR:appcache_update_url_loader_request.cc(139)] NOT IMPLEMENTED
Apr 16, 2019 08:50:08.59 [33808:15676:0416/085008.593:ERROR:appcache_update_url_loader_request.cc(139)] NOT IMPLEMENTED
Apr 16, 2019 08:50:08.60 [33808:15676:0416/085008.602:ERROR:appcache_update_url_loader_request.cc(139)] NOT IMPLEMENTED
Apr 16, 2019 08:50:08.60 [33808:15676:0416/085008.603:ERROR:appcache_update_url_loader_request.cc(139)] NOT IMPLEMENTED
Apr 16, 2019 08:50:08.62 [33808:15676:0416/085008.622:ERROR:appcache_update_url_loader_request.cc(139)] NOT IMPLEMENTED
Apr 16, 2019 08:50:08.63 [33808:15676:0416/085008.630:ERROR:appcache_update_url_loader_request.cc(139)] NOT IMPLEMENTED
Apr 16, 2019 08:50:08.63 [33808:15676:0416/085008.638:ERROR:appcache_update_url_loader_request.cc(139)] NOT IMPLEMENTED
Apr 16, 2019 08:50:08.64 [33808:15676:0416/085008.648:ERROR:appcache_update_url_loader_request.cc(139)] NOT IMPLEMENTED
Apr 16, 2019 08:50:08.65 [33808:15676:0416/085008.654:ERROR:appcache_update_url_loader_request.cc(139)] NOT IMPLEMENTED
Apr 16, 2019 08:50:08.66 [33808:15676:0416/085008.663:ERROR:appcache_update_url_loader_request.cc(139)] NOT IMPLEMENTED
Apr 16, 2019 08:50:08.66 [33808:15676:0416/085008.669:ERROR:appcache_update_url_loader_request.cc(139)] NOT IMPLEMENTED
Apr 16, 2019 08:50:08.67 [33808:15676:0416/085008.677:ERROR:appcache_update_url_loader_request.cc(139)] NOT IMPLEMENTED
Apr 16, 2019 08:50:08.68 [33808:15676:0416/085008.685:ERROR:appcache_update_url_loader_request.cc(139)] NOT IMPLEMENTED
Apr 16, 2019 08:50:08.70 [33808:15676:0416/085008.703:ERROR:appcache_update_url_loader_request.cc(139)] NOT IMPLEMENTED
Apr 16, 2019 08:50:08.74 [33808:15676:0416/085008.740:ERROR:appcache_update_url_loader_request.cc(139)] NOT IMPLEMENTED
Apr 16, 2019 08:50:08.74 [33808:15676:0416/085008.747:ERROR:appcache_update_url_loader_request.cc(139)] NOT IMPLEMENTED
Apr 16, 2019 08:50:08.75 [33808:15676:0416/085008.756:ERROR:appcache_update_url_loader_request.cc(139)] NOT IMPLEMENTED
Apr 16, 2019 08:50:08.76 [33808:15676:0416/085008.763:ERROR:appcache_update_url_loader_request.cc(139)] NOT IMPLEMENTED
Apr 16, 2019 08:50:08.77 [33808:15676:0416/085008.772:ERROR:appcache_update_url_loader_request.cc(139)] NOT IMPLEMENTED
Apr 16, 2019 08:50:08.77 [33808:15676:0416/085008.778:ERROR:appcache_update_url_loader_request.cc(139)] NOT IMPLEMENTED
Apr 16, 2019 08:50:08.78 [33808:15676:0416/085008.786:ERROR:appcache_update_url_loader_request.cc(139)] NOT IMPLEMENTED
Apr 16, 2019 08:50:08.79 [33808:15676:0416/085008.793:ERROR:appcache_update_url_loader_request.cc(139)] NOT IMPLEMENTED
Apr 16, 2019 08:50:08.80 [33808:15676:0416/085008.799:ERROR:appcache_update_url_loader_request.cc(139)] NOT IMPLEMENTED
Apr 16, 2019 08:50:08.96 [33808:15676:0416/085008.964:ERROR:appcache_update_url_loader_request.cc(139)] NOT IMPLEMENTED
Apr 16, 2019 08:50:09.17 [33808:15676:0416/085009.174:ERROR:appcache_update_url_loader_request.cc(139)] NOT IMPLEMENTED
Apr 16, 2019 08:50:09.20 [33808:15676:0416/085009.205:ERROR:appcache_update_url_loader_request.cc(139)] NOT IMPLEMENTED
Apr 16, 2019 08:50:09.21 [33808:15676:0416/085009.213:ERROR:appcache_update_url_loader_request.cc(139)] NOT IMPLEMENTED
Apr 16, 2019 08:50:09.22 [33808:15676:0416/085009.221:ERROR:appcache_update_url_loader_request.cc(139)] NOT IMPLEMENTED
Apr 16, 2019 08:50:09.22 [33808:15676:0416/085009.223:ERROR:appcache_update_url_loader_request.cc(139)] NOT IMPLEMENTED
Apr 16, 2019 08:50:09.27 [33808:15676:0416/085009.275:ERROR:appcache_update_url_loader_request.cc(139)] NOT IMPLEMENTED
Apr 16, 2019 08:50:09.28 [33808:15676:0416/085009.283:ERROR:appcache_update_url_loader_request.cc(139)] NOT IMPLEMENTED
Apr 16, 2019 08:50:09.29 [33808:15676:0416/085009.291:ERROR:appcache_update_url_loader_request.cc(139)] NOT IMPLEMENTED
Apr 16, 2019 08:50:09.30 [33808:15676:0416/085009.299:ERROR:appcache_update_url_loader_request.cc(139)] NOT IMPLEMENTED
Apr 16, 2019 08:50:09.30 [33808:15676:0416/085009.307:ERROR:appcache_update_url_loader_request.cc(139)] NOT IMPLEMENTED
Apr 16, 2019 08:50:09.31 [33808:15676:0416/085009.314:ERROR:appcache_update_url_loader_request.cc(139)] NOT IMPLEMENTED
Apr 16, 2019 08:50:09.32 [33808:15676:0416/085009.324:ERROR:appcache_update_url_loader_request.cc(139)] NOT IMPLEMENTED
Apr 16, 2019 08:50:09.33 [33808:15676:0416/085009.336:ERROR:appcache_update_url_loader_request.cc(139)] NOT IMPLEMENTED
Apr 16, 2019 08:50:09.34 [33808:15676:0416/085009.340:ERROR:appcache_update_url_loader_request.cc(139)] NOT IMPLEMENTED
Apr 16, 2019 08:50:09.34 [33808:15676:0416/085009.347:ERROR:appcache_update_url_loader_request.cc(139)] NOT IMPLEMENTED
Apr 16, 2019 08:50:09.35 [33808:15676:0416/085009.355:ERROR:appcache_update_url_loader_request.cc(139)] NOT IMPLEMENTED
Apr 16, 2019 08:50:09.36 [33808:15676:0416/085009.363:ERROR:appcache_update_url_loader_request.cc(139)] NOT IMPLEMENTED
Apr 16, 2019 08:50:09.37 [33808:15676:0416/085009.371:ERROR:appcache_update_url_loader_request.cc(139)] NOT IMPLEMENTED
Apr 16, 2019 08:50:09.37 [33808:15676:0416/085009.372:ERROR:appcache_update_url_loader_request.cc(139)] NOT IMPLEMENTED
Apr 16, 2019 08:50:09.39 [33808:15676:0416/085009.395:ERROR:appcache_update_url_loader_request.cc(139)] NOT IMPLEMENTED
Apr 16, 2019 08:50:09.40 [33808:15676:0416/085009.406:ERROR:appcache_update_url_loader_request.cc(139)] NOT IMPLEMENTED
Apr 16, 2019 08:50:09.41 [33808:15676:0416/085009.414:ERROR:appcache_update_url_loader_request.cc(139)] NOT IMPLEMENTED
Apr 16, 2019 08:50:09.42 [33808:15676:0416/085009.422:ERROR:appcache_update_url_loader_request.cc(139)] NOT IMPLEMENTED
Apr 16, 2019 08:50:09.43 [33808:15676:0416/085009.429:ERROR:appcache_update_url_loader_request.cc(139)] NOT IMPLEMENTED
Apr 16, 2019 08:50:09.43 [33808:15676:0416/085009.437:ERROR:appcache_update_url_loader_request.cc(139)] NOT IMPLEMENTED
Apr 16, 2019 08:50:09.44 [33808:15676:0416/085009.445:ERROR:appcache_update_url_loader_request.cc(139)] NOT IMPLEMENTED
Apr 16, 2019 08:50:09.45 [33808:15676:0416/085009.452:ERROR:appcache_update_url_loader_request.cc(139)] NOT IMPLEMENTED
Apr 16, 2019 08:50:09.46 [33808:15676:0416/085009.460:ERROR:appcache_update_url_loader_request.cc(139)] NOT IMPLEMENTED
Apr 16, 2019 08:50:09.46 [33808:15676:0416/085009.468:ERROR:appcache_update_url_loader_request.cc(139)] NOT IMPLEMENTED
Apr 16, 2019 08:50:09.47 [33808:15676:0416/085009.477:ERROR:appcache_update_url_loader_request.cc(139)] NOT IMPLEMENTED
Apr 16, 2019 08:50:09.52 [33808:15676:0416/085009.520:ERROR:appcache_update_url_loader_request.cc(139)] NOT IMPLEMENTED
Apr 16, 2019 08:50:09.52 [33808:15676:0416/085009.520:ERROR:appcache_update_url_loader_request.cc(139)] NOT IMPLEMENTED
Apr 16, 2019 08:50:09.52 [33808:15676:0416/085009.520:ERROR:appcache_update_url_loader_request.cc(139)] NOT IMPLEMENTED
Apr 16, 2019 08:50:09.52 [33808:15676:0416/085009.520:ERROR:appcache_update_url_loader_request.cc(139)] NOT IMPLEMENTED
Apr 16, 2019 08:50:09.52 [33808:15676:0416/085009.521:ERROR:appcache_update_url_loader_request.cc(139)] NOT IMPLEMENTED
Apr 16, 2019 08:50:09.52 [33808:15676:0416/085009.521:ERROR:appcache_update_url_loader_request.cc(139)] NOT IMPLEMENTED
Apr 16, 2019 08:50:09.53 [33808:15676:0416/085009.532:ERROR:appcache_update_url_loader_request.cc(139)] NOT IMPLEMENTED
Apr 16, 2019 08:50:09.54 [33808:15676:0416/085009.540:ERROR:appcache_update_url_loader_request.cc(139)] NOT IMPLEMENTED
Apr 16, 2019 08:50:09.54 [33808:15676:0416/085009.547:ERROR:appcache_update_url_loader_request.cc(139)] NOT IMPLEMENTED
Apr 16, 2019 08:50:09.55 [33808:15676:0416/085009.556:ERROR:appcache_update_url_loader_request.cc(139)] NOT IMPLEMENTED
Apr 16, 2019 08:50:09.56 [33808:15676:0416/085009.562:ERROR:appcache_update_url_loader_request.cc(139)] NOT IMPLEMENTED
Apr 16, 2019 08:50:09.57 [33808:15676:0416/085009.576:ERROR:appcache_update_url_loader_request.cc(139)] NOT IMPLEMENTED
Apr 16, 2019 08:50:09.60 [33808:15676:0416/085009.605:ERROR:appcache_update_url_loader_request.cc(139)] NOT IMPLEMENTED
Apr 16, 2019 08:50:09.61 [33808:15676:0416/085009.613:ERROR:appcache_update_url_loader_request.cc(139)] NOT IMPLEMENTED
Apr 16, 2019 08:50:09.62 [33808:15676:0416/085009.620:ERROR:appcache_update_url_loader_request.cc(139)] NOT IMPLEMENTED
Apr 16, 2019 08:50:09.62 [33808:15676:0416/085009.629:ERROR:appcache_update_url_loader_request.cc(139)] NOT IMPLEMENTED
Apr 16, 2019 08:50:09.67 [33808:15676:0416/085009.670:ERROR:appcache_update_url_loader_request.cc(139)] NOT IMPLEMENTED
Apr 16, 2019 08:50:09.67 [33808:15676:0416/085009.670:ERROR:appcache_update_url_loader_request.cc(139)] NOT IMPLEMENTED
Apr 16, 2019 08:50:09.70 [33808:15676:0416/085009.700:ERROR:appcache_update_url_loader_request.cc(139)] NOT IMPLEMENTED
Apr 16, 2019 08:50:09.73 [33808:15676:0416/085009.735:ERROR:appcache_update_url_loader_request.cc(139)] NOT IMPLEMENTED
Apr 16, 2019 08:50:09.74 [33808:15676:0416/085009.743:ERROR:appcache_update_url_loader_request.cc(139)] NOT IMPLEMENTED
Apr 16, 2019 08:50:09.75 [33808:15676:0416/085009.752:ERROR:appcache_update_url_loader_request.cc(139)] NOT IMPLEMENTED
Apr 16, 2019 08:50:09.76 [33808:15676:0416/085009.760:ERROR:appcache_update_url_loader_request.cc(139)] NOT IMPLEMENTED
Apr 16, 2019 08:50:09.76 [33808:15676:0416/085009.767:ERROR:appcache_update_url_loader_request.cc(139)] NOT IMPLEMENTED
Apr 16, 2019 08:50:09.77 [33808:15676:0416/085009.778:ERROR:appcache_update_url_loader_request.cc(139)] NOT IMPLEMENTED
Apr 16, 2019 08:50:09.81 [33808:15676:0416/085009.809:ERROR:appcache_update_url_loader_request.cc(139)] NOT IMPLEMENTED
Apr 16, 2019 08:50:09.81 [33808:15676:0416/085009.809:ERROR:appcache_update_url_loader_request.cc(139)] NOT IMPLEMENTED
Apr 16, 2019 08:50:09.81 [33808:15676:0416/085009.817:ERROR:appcache_update_url_loader_request.cc(139)] NOT IMPLEMENTED
Apr 16, 2019 08:50:09.81 [33808:15676:0416/085009.817:ERROR:appcache_update_url_loader_request.cc(139)] NOT IMPLEMENTED
Apr 16, 2019 08:50:09.82 [33808:15676:0416/085009.821:ERROR:appcache_update_url_loader_request.cc(139)] NOT IMPLEMENTED
Apr 16, 2019 08:50:09.82 [33808:15676:0416/085009.822:ERROR:appcache_update_url_loader_request.cc(139)] NOT IMPLEMENTED
Apr 16, 2019 08:50:09.82 [33808:15676:0416/085009.826:ERROR:appcache_update_url_loader_request.cc(139)] NOT IMPLEMENTED
Apr 16, 2019 08:50:09.84 [33808:15676:0416/085009.848:ERROR:appcache_update_url_loader_request.cc(139)] NOT IMPLEMENTED
Apr 16, 2019 08:50:09.86 [33808:15676:0416/085009.858:ERROR:appcache_update_url_loader_request.cc(139)] NOT IMPLEMENTED
Apr 16, 2019 08:50:09.88 [33808:15676:0416/085009.879:ERROR:appcache_update_url_loader_request.cc(139)] NOT IMPLEMENTED
Apr 16, 2019 08:50:09.89 [33808:15676:0416/085009.892:ERROR:appcache_update_url_loader_request.cc(139)] NOT IMPLEMENTED
Apr 16, 2019 08:50:09.93 [33808:15676:0416/085009.936:ERROR:appcache_update_url_loader_request.cc(139)] NOT IMPLEMENTED
Apr 16, 2019 08:50:09.94 [33808:15676:0416/085009.941:ERROR:appcache_update_url_loader_request.cc(139)] NOT IMPLEMENTED
Apr 16, 2019 08:50:09.94 [33808:15676:0416/085009.946:ERROR:appcache_update_url_loader_request.cc(139)] NOT IMPLEMENTED
Apr 16, 2019 08:50:09.94 [33808:15676:0416/085009.949:ERROR:appcache_update_url_loader_request.cc(139)] NOT IMPLEMENTED
Apr 16, 2019 08:50:09.95 [33808:15676:0416/085009.957:ERROR:appcache_update_url_loader_request.cc(139)] NOT IMPLEMENTED
Apr 16, 2019 08:50:09.95 [33808:15676:0416/085009.958:ERROR:appcache_update_url_loader_request.cc(139)] NOT IMPLEMENTED
Apr 16, 2019 08:50:09.97 [33808:15676:0416/085009.976:ERROR:appcache_update_url_loader_request.cc(139)] NOT IMPLEMENTED
Apr 16, 2019 08:50:09.97 [33808:15676:0416/085009.977:ERROR:appcache_update_url_loader_request.cc(139)] NOT IMPLEMENTED
Apr 16, 2019 08:50:10.00 [33808:15676:0416/085010.009:ERROR:appcache_update_url_loader_request.cc(139)] NOT IMPLEMENTED
Apr 16, 2019 08:50:10.01 [33808:15676:0416/085010.017:ERROR:appcache_update_url_loader_request.cc(139)] NOT IMPLEMENTED
Apr 16, 2019 08:50:10.02 [33808:15676:0416/085010.026:ERROR:appcache_update_url_loader_request.cc(139)] NOT IMPLEMENTED
Apr 16, 2019 08:50:10.03 [33808:15676:0416/085010.030:ERROR:appcache_update_url_loader_request.cc(139)] NOT IMPLEMENTED
Apr 16, 2019 08:50:10.04 [33808:15676:0416/085010.046:ERROR:appcache_update_url_loader_request.cc(139)] NOT IMPLEMENTED
Apr 16, 2019 08:50:10.06 [33808:15676:0416/085010.065:ERROR:appcache_update_url_loader_request.cc(139)] NOT IMPLEMENTED
Apr 16, 2019 08:50:10.07 [33808:15676:0416/085010.073:ERROR:appcache_update_url_loader_request.cc(139)] NOT IMPLEMENTED
Apr 16, 2019 08:50:10.08 [33808:15676:0416/085010.081:ERROR:appcache_update_url_loader_request.cc(139)] NOT IMPLEMENTED
Apr 16, 2019 08:50:10.08 [33808:15676:0416/085010.088:ERROR:appcache_update_url_loader_request.cc(139)] NOT IMPLEMENTED
Apr 16, 2019 08:50:10.09 [33808:15676:0416/085010.097:ERROR:appcache_update_url_loader_request.cc(139)] NOT IMPLEMENTED
Apr 16, 2019 08:50:10.10 [33808:15676:0416/085010.104:ERROR:appcache_update_url_loader_request.cc(139)] NOT IMPLEMENTED
Apr 16, 2019 08:50:10.11 [33808:15676:0416/085010.111:ERROR:appcache_update_url_loader_request.cc(139)] NOT IMPLEMENTED
Apr 16, 2019 08:50:10.12 [33808:15676:0416/085010.119:ERROR:appcache_update_url_loader_request.cc(139)] NOT IMPLEMENTED
Apr 16, 2019 08:50:10.12 [33808:15676:0416/085010.127:ERROR:appcache_update_url_loader_request.cc(139)] NOT IMPLEMENTED
Apr 16, 2019 08:50:10.13 [33808:15676:0416/085010.135:ERROR:appcache_update_url_loader_request.cc(139)] NOT IMPLEMENTED
Apr 16, 2019 08:50:10.14 [33808:15676:0416/085010.143:ERROR:appcache_update_url_loader_request.cc(139)] NOT IMPLEMENTED
Apr 16, 2019 08:50:10.15 [33808:15676:0416/085010.151:ERROR:appcache_update_url_loader_request.cc(139)] NOT IMPLEMENTED
Apr 16, 2019 08:50:10.15 [33808:15676:0416/085010.159:ERROR:appcache_update_url_loader_request.cc(139)] NOT IMPLEMENTED
Apr 16, 2019 08:50:10.16 [33808:15676:0416/085010.168:ERROR:appcache_update_url_loader_request.cc(139)] NOT IMPLEMENTED
Apr 16, 2019 08:50:10.17 [33808:15676:0416/085010.175:ERROR:appcache_update_url_loader_request.cc(139)] NOT IMPLEMENTED
Apr 16, 2019 08:50:10.18 [33808:15676:0416/085010.182:ERROR:appcache_update_url_loader_request.cc(139)] NOT IMPLEMENTED
Apr 16, 2019 08:50:10.19 [33808:15676:0416/085010.190:ERROR:appcache_update_url_loader_request.cc(139)] NOT IMPLEMENTED
Apr 16, 2019 08:50:10.19 [33808:15676:0416/085010.199:ERROR:appcache_update_url_loader_request.cc(139)] NOT IMPLEMENTED
Apr 16, 2019 08:50:10.20 [33808:15676:0416/085010.206:ERROR:appcache_update_url_loader_request.cc(139)] NOT IMPLEMENTED
Apr 16, 2019 08:50:10.21 [33808:15676:0416/085010.214:ERROR:appcache_update_url_loader_request.cc(139)] NOT IMPLEMENTED
Apr 16, 2019 08:50:10.22 [33808:15676:0416/085010.221:ERROR:appcache_update_url_loader_request.cc(139)] NOT IMPLEMENTED
Apr 16, 2019 08:50:10.24 [33808:15676:0416/085010.239:ERROR:appcache_update_url_loader_request.cc(139)] NOT IMPLEMENTED
Apr 16, 2019 08:50:10.24 [33808:15676:0416/085010.249:ERROR:appcache_update_url_loader_request.cc(139)] NOT IMPLEMENTED
Apr 16, 2019 08:50:10.25 [33808:15676:0416/085010.257:ERROR:appcache_update_url_loader_request.cc(139)] NOT IMPLEMENTED
Apr 16, 2019 08:50:10.26 [33808:15676:0416/085010.264:ERROR:appcache_update_url_loader_request.cc(139)] NOT IMPLEMENTED
Apr 16, 2019 08:50:10.27 [33808:15676:0416/085010.272:ERROR:appcache_update_url_loader_request.cc(139)] NOT IMPLEMENTED
Apr 16, 2019 08:50:10.28 [33808:15676:0416/085010.280:ERROR:appcache_update_url_loader_request.cc(139)] NOT IMPLEMENTED
Apr 16, 2019 08:50:10.28 [33808:15676:0416/085010.287:ERROR:appcache_update_url_loader_request.cc(139)] NOT IMPLEMENTED
Apr 16, 2019 08:50:10.29 [33808:15676:0416/085010.295:ERROR:appcache_update_url_loader_request.cc(139)] NOT IMPLEMENTED
Apr 16, 2019 08:50:10.30 [33808:15676:0416/085010.304:ERROR:appcache_update_url_loader_request.cc(139)] NOT IMPLEMENTED
Apr 16, 2019 08:50:10.31 [33808:15676:0416/085010.313:ERROR:appcache_update_url_loader_request.cc(139)] NOT IMPLEMENTED
Apr 16, 2019 08:50:10.32 [33808:15676:0416/085010.328:ERROR:appcache_update_url_loader_request.cc(139)] NOT IMPLEMENTED
Apr 16, 2019 08:50:10.34 [33808:15676:0416/085010.346:ERROR:appcache_update_url_loader_request.cc(139)] NOT IMPLEMENTED
Apr 16, 2019 08:50:10.36 [33808:15676:0416/085010.361:ERROR:appcache_update_url_loader_request.cc(139)] NOT IMPLEMENTED
Apr 16, 2019 08:50:10.37 [33808:15676:0416/085010.373:ERROR:appcache_update_url_loader_request.cc(139)] NOT IMPLEMENTED
Apr 16, 2019 08:50:10.38 [33808:15676:0416/085010.380:ERROR:appcache_update_url_loader_request.cc(139)] NOT IMPLEMENTED
Apr 16, 2019 08:50:10.38 [33808:15676:0416/085010.388:ERROR:appcache_update_url_loader_request.cc(139)] NOT IMPLEMENTED
Apr 16, 2019 08:50:10.39 [33808:15676:0416/085010.395:ERROR:appcache_update_url_loader_request.cc(139)] NOT IMPLEMENTED
Apr 16, 2019 08:50:10.40 [33808:15676:0416/085010.403:ERROR:appcache_update_url_loader_request.cc(139)] NOT IMPLEMENTED
Apr 16, 2019 08:50:10.41 [33808:15676:0416/085010.412:ERROR:appcache_update_url_loader_request.cc(139)] NOT IMPLEMENTED
Apr 16, 2019 08:50:10.42 [33808:15676:0416/085010.420:ERROR:appcache_update_url_loader_request.cc(139)] NOT IMPLEMENTED
Apr 16, 2019 08:50:10.42 [33808:15676:0416/085010.426:ERROR:appcache_update_url_loader_request.cc(139)] NOT IMPLEMENTED
Apr 16, 2019 08:50:10.44 [33808:15676:0416/085010.445:ERROR:appcache_update_url_loader_request.cc(139)] NOT IMPLEMENTED
Apr 16, 2019 08:50:10.45 [33808:15676:0416/085010.452:ERROR:appcache_update_url_loader_request.cc(139)] NOT IMPLEMENTED
Apr 16, 2019 08:50:10.46 [33808:15676:0416/085010.460:ERROR:appcache_update_url_loader_request.cc(139)] NOT IMPLEMENTED
Apr 16, 2019 08:50:10.47 [33808:15676:0416/085010.470:ERROR:appcache_update_url_loader_request.cc(139)] NOT IMPLEMENTED
Apr 16, 2019 08:50:10.48 [33808:15676:0416/085010.484:ERROR:appcache_update_url_loader_request.cc(139)] NOT IMPLEMENTED
Apr 16, 2019 08:50:10.49 [33808:15676:0416/085010.494:ERROR:appcache_update_url_loader_request.cc(139)] NOT IMPLEMENTED
Apr 16, 2019 08:50:10.50 [33808:15676:0416/085010.501:ERROR:appcache_update_url_loader_request.cc(139)] NOT IMPLEMENTED
Apr 16, 2019 08:50:10.50 [33808:15676:0416/085010.509:ERROR:appcache_update_url_loader_request.cc(139)] NOT IMPLEMENTED
Apr 16, 2019 08:50:10.51 [33808:15676:0416/085010.517:ERROR:appcache_update_url_loader_request.cc(139)] NOT IMPLEMENTED
Apr 16, 2019 08:50:10.52 [33808:15676:0416/085010.526:ERROR:appcache_update_url_loader_request.cc(139)] NOT IMPLEMENTED
Apr 16, 2019 08:50:10.53 [33808:15676:0416/085010.533:ERROR:appcache_update_url_loader_request.cc(139)] NOT IMPLEMENTED
Apr 16, 2019 08:50:10.54 [33808:15676:0416/085010.541:ERROR:appcache_update_url_loader_request.cc(139)] NOT IMPLEMENTED
Apr 16, 2019 08:50:10.54 [33808:15676:0416/085010.549:ERROR:appcache_update_url_loader_request.cc(139)] NOT IMPLEMENTED
Apr 16, 2019 08:50:10.55 [33808:15676:0416/085010.557:ERROR:appcache_update_url_loader_request.cc(139)] NOT IMPLEMENTED
Apr 16, 2019 08:50:10.56 [33808:15676:0416/085010.564:ERROR:appcache_update_url_loader_request.cc(139)] NOT IMPLEMENTED
Apr 16, 2019 08:50:10.57 [33808:15676:0416/085010.572:ERROR:appcache_update_url_loader_request.cc(139)] NOT IMPLEMENTED
Apr 16, 2019 08:50:10.58 [33808:15676:0416/085010.579:ERROR:appcache_update_url_loader_request.cc(139)] NOT IMPLEMENTED
Apr 16, 2019 08:50:10.58 [33808:15676:0416/085010.588:ERROR:appcache_update_url_loader_request.cc(139)] NOT IMPLEMENTED
Apr 16, 2019 08:50:10.59 [33808:15676:0416/085010.595:ERROR:appcache_update_url_loader_request.cc(139)] NOT IMPLEMENTED
Apr 16, 2019 08:50:10.60 [33808:15676:0416/085010.604:ERROR:appcache_update_url_loader_request.cc(139)] NOT IMPLEMENTED
Apr 16, 2019 08:50:10.61 [33808:15676:0416/085010.610:ERROR:appcache_update_url_loader_request.cc(139)] NOT IMPLEMENTED
Apr 16, 2019 08:50:10.62 [33808:15676:0416/085010.626:ERROR:appcache_update_url_loader_request.cc(139)] NOT IMPLEMENTED
Apr 16, 2019 08:50:10.65 [33808:15676:0416/085010.659:ERROR:appcache_update_url_loader_request.cc(139)] NOT IMPLEMENTED
Apr 16, 2019 08:50:10.66 [33808:15676:0416/085010.667:ERROR:appcache_update_url_loader_request.cc(139)] NOT IMPLEMENTED
Apr 16, 2019 08:50:10.67 [33808:15676:0416/085010.676:ERROR:appcache_update_url_loader_request.cc(139)] NOT IMPLEMENTED
Apr 16, 2019 08:50:10.68 [33808:15676:0416/085010.684:ERROR:appcache_update_url_loader_request.cc(139)] NOT IMPLEMENTED
Apr 16, 2019 08:50:10.69 [33808:15676:0416/085010.699:ERROR:appcache_update_url_loader_request.cc(139)] NOT IMPLEMENTED
Apr 16, 2019 08:50:10.70 [33808:15676:0416/085010.708:ERROR:appcache_update_url_loader_request.cc(139)] NOT IMPLEMENTED
Apr 16, 2019 08:50:10.71 [33808:15676:0416/085010.715:ERROR:appcache_update_url_loader_request.cc(139)] NOT IMPLEMENTED
Apr 16, 2019 08:50:10.72 [33808:15676:0416/085010.725:ERROR:appcache_update_url_loader_request.cc(139)] NOT IMPLEMENTED
Apr 16, 2019 08:50:10.73 [33808:15676:0416/085010.731:ERROR:appcache_update_url_loader_request.cc(139)] NOT IMPLEMENTED
Apr 16, 2019 08:50:10.74 [33808:15676:0416/085010.739:ERROR:appcache_update_url_loader_request.cc(139)] NOT IMPLEMENTED
Apr 16, 2019 08:50:10.74 [33808:15676:0416/085010.747:ERROR:appcache_update_url_loader_request.cc(139)] NOT IMPLEMENTED
Apr 16, 2019 08:50:10.75 [33808:15676:0416/085010.756:ERROR:appcache_update_url_loader_request.cc(139)] NOT IMPLEMENTED
Apr 16, 2019 08:50:10.76 [33808:15676:0416/085010.762:ERROR:appcache_update_url_loader_request.cc(139)] NOT IMPLEMENTED
Apr 16, 2019 08:50:10.77 [33808:15676:0416/085010.770:ERROR:appcache_update_url_loader_request.cc(139)] NOT IMPLEMENTED
Apr 16, 2019 08:50:10.77 [33808:15676:0416/085010.778:ERROR:appcache_update_url_loader_request.cc(139)] NOT IMPLEMENTED
Apr 16, 2019 08:50:10.78 [33808:15676:0416/085010.786:ERROR:appcache_update_url_loader_request.cc(139)] NOT IMPLEMENTED
Apr 16, 2019 08:50:10.79 [33808:15676:0416/085010.793:ERROR:appcache_update_url_loader_request.cc(139)] NOT IMPLEMENTED
Apr 16, 2019 08:50:10.81 [33808:15676:0416/085010.814:ERROR:appcache_update_url_loader_request.cc(139)] NOT IMPLEMENTED
Apr 16, 2019 08:50:10.82 [33808:15676:0416/085010.825:ERROR:appcache_update_url_loader_request.cc(139)] NOT IMPLEMENTED
Apr 16, 2019 08:50:10.83 [33808:15676:0416/085010.831:ERROR:appcache_update_url_loader_request.cc(139)] NOT IMPLEMENTED
Apr 16, 2019 08:50:10.83 [33808:15676:0416/085010.837:ERROR:appcache_update_url_loader_request.cc(139)] NOT IMPLEMENTED
Apr 16, 2019 08:50:10.84 [33808:15676:0416/085010.845:ERROR:appcache_update_url_loader_request.cc(139)] NOT IMPLEMENTED
Apr 16, 2019 08:50:10.85 [33808:15676:0416/085010.854:ERROR:appcache_update_url_loader_request.cc(139)] NOT IMPLEMENTED
Apr 16, 2019 08:50:10.86 [33808:15676:0416/085010.861:ERROR:appcache_update_url_loader_request.cc(139)] NOT IMPLEMENTED
Apr 16, 2019 08:50:10.87 [33808:15676:0416/085010.869:ERROR:appcache_update_url_loader_request.cc(139)] NOT IMPLEMENTED
Apr 16, 2019 08:50:10.87 [33808:15676:0416/085010.877:ERROR:appcache_update_url_loader_request.cc(139)] NOT IMPLEMENTED
Apr 16, 2019 08:50:10.88 [33808:15676:0416/085010.885:ERROR:appcache_update_url_loader_request.cc(139)] NOT IMPLEMENTED
Apr 16, 2019 08:50:10.89 [33808:15676:0416/085010.892:ERROR:appcache_update_url_loader_request.cc(139)] NOT IMPLEMENTED
Apr 16, 2019 08:50:10.90 [33808:15676:0416/085010.907:ERROR:appcache_update_url_loader_request.cc(139)] NOT IMPLEMENTED
Apr 16, 2019 08:50:10.91 [33808:15676:0416/085010.911:ERROR:appcache_update_url_loader_request.cc(139)] NOT IMPLEMENTED
Apr 16, 2019 08:50:10.92 [33808:15676:0416/085010.919:ERROR:appcache_update_url_loader_request.cc(139)] NOT IMPLEMENTED
Apr 16, 2019 08:50:10.92 [33808:15676:0416/085010.924:ERROR:appcache_update_url_loader_request.cc(139)] NOT IMPLEMENTED
Apr 16, 2019 08:50:10.93 [33808:15676:0416/085010.932:ERROR:appcache_update_url_loader_request.cc(139)] NOT IMPLEMENTED
Apr 16, 2019 08:50:10.93 [33808:15676:0416/085010.935:ERROR:appcache_update_url_loader_request.cc(139)] NOT IMPLEMENTED
Apr 16, 2019 08:50:10.94 [33808:15676:0416/085010.943:ERROR:appcache_update_url_loader_request.cc(139)] NOT IMPLEMENTED
Apr 16, 2019 08:50:10.95 [33808:15676:0416/085010.952:ERROR:appcache_update_url_loader_request.cc(139)] NOT IMPLEMENTED
Apr 16, 2019 08:50:10.95 [33808:15676:0416/085010.958:ERROR:appcache_update_url_loader_request.cc(139)] NOT IMPLEMENTED
Apr 16, 2019 08:50:10.96 [33808:15676:0416/085010.969:ERROR:appcache_update_url_loader_request.cc(139)] NOT IMPLEMENTED
Apr 16, 2019 08:50:10.97 [33808:15676:0416/085010.977:ERROR:appcache_update_url_loader_request.cc(139)] NOT IMPLEMENTED
Apr 16, 2019 08:50:10.98 [33808:15676:0416/085010.981:ERROR:appcache_update_url_loader_request.cc(139)] NOT IMPLEMENTED
Apr 16, 2019 08:50:11.00 [33808:15676:0416/085011.000:ERROR:appcache_update_url_loader_request.cc(139)] NOT IMPLEMENTED
Apr 16, 2019 08:50:11.00 [33808:15676:0416/085011.007:ERROR:appcache_update_url_loader_request.cc(139)] NOT IMPLEMENTED
Apr 16, 2019 08:50:11.01 [33808:15676:0416/085011.015:ERROR:appcache_update_url_loader_request.cc(139)] NOT IMPLEMENTED
Apr 16, 2019 08:50:11.02 [33808:15676:0416/085011.023:ERROR:appcache_update_url_loader_request.cc(139)] NOT IMPLEMENTED
Apr 16, 2019 08:50:11.03 [33808:15676:0416/085011.032:ERROR:appcache_update_url_loader_request.cc(139)] NOT IMPLEMENTED
Apr 16, 2019 08:50:11.04 [33808:15676:0416/085011.040:ERROR:appcache_update_url_loader_request.cc(139)] NOT IMPLEMENTED
Apr 16, 2019 08:50:11.04 [33808:15676:0416/085011.047:ERROR:appcache_update_url_loader_request.cc(139)] NOT IMPLEMENTED
Apr 16, 2019 08:50:11.05 [33808:15676:0416/085011.054:ERROR:appcache_update_url_loader_request.cc(139)] NOT IMPLEMENTED
Apr 16, 2019 08:50:11.06 [33808:15676:0416/085011.062:ERROR:appcache_update_url_loader_request.cc(139)] NOT IMPLEMENTED
Apr 16, 2019 08:50:11.07 [33808:15676:0416/085011.069:ERROR:appcache_update_url_loader_request.cc(139)] NOT IMPLEMENTED
Apr 16, 2019 08:50:11.07 [33808:15676:0416/085011.079:ERROR:appcache_update_url_loader_request.cc(139)] NOT IMPLEMENTED
Apr 16, 2019 08:50:11.08 [33808:15676:0416/085011.085:ERROR:appcache_update_url_loader_request.cc(139)] NOT IMPLEMENTED
Apr 16, 2019 08:50:11.09 [33808:15676:0416/085011.095:ERROR:appcache_update_url_loader_request.cc(139)] NOT IMPLEMENTED
Apr 16, 2019 08:50:11.09 [33808:15676:0416/085011.097:ERROR:appcache_update_url_loader_request.cc(139)] NOT IMPLEMENTED
Apr 16, 2019 08:50:11.11 [33808:15676:0416/085011.115:ERROR:appcache_update_url_loader_request.cc(139)] NOT IMPLEMENTED
Apr 16, 2019 08:50:11.12 [33808:15676:0416/085011.124:ERROR:appcache_update_url_loader_request.cc(139)] NOT IMPLEMENTED
Apr 16, 2019 08:50:11.13 [33808:15676:0416/085011.131:ERROR:appcache_update_url_loader_request.cc(139)] NOT IMPLEMENTED
Apr 16, 2019 08:50:11.14 [33808:15676:0416/085011.140:ERROR:appcache_update_url_loader_request.cc(139)] NOT IMPLEMENTED
Apr 16, 2019 08:50:11.14 [33808:15676:0416/085011.147:ERROR:appcache_update_url_loader_request.cc(139)] NOT IMPLEMENTED
Apr 16, 2019 08:50:11.15 [33808:15676:0416/085011.156:ERROR:appcache_update_url_loader_request.cc(139)] NOT IMPLEMENTED
Apr 16, 2019 08:50:11.16 [33808:15676:0416/085011.162:ERROR:appcache_update_url_loader_request.cc(139)] NOT IMPLEMENTED
Apr 16, 2019 08:50:11.16 [33808:15676:0416/085011.166:ERROR:appcache_update_url_loader_request.cc(139)] NOT IMPLEMENTED
Apr 16, 2019 08:50:11.18 [33808:15676:0416/085011.187:ERROR:appcache_update_url_loader_request.cc(139)] NOT IMPLEMENTED
Apr 16, 2019 08:50:11.19 [33808:15676:0416/085011.194:ERROR:appcache_update_url_loader_request.cc(139)] NOT IMPLEMENTED
Apr 16, 2019 08:50:11.20 [33808:15676:0416/085011.201:ERROR:appcache_update_url_loader_request.cc(139)] NOT IMPLEMENTED
Apr 16, 2019 08:50:11.21 [33808:15676:0416/085011.211:ERROR:appcache_update_url_loader_request.cc(139)] NOT IMPLEMENTED
Apr 16, 2019 08:50:11.22 [33808:15676:0416/085011.219:ERROR:appcache_update_url_loader_request.cc(139)] NOT IMPLEMENTED
Apr 16, 2019 08:50:11.22 [33808:15676:0416/085011.226:ERROR:appcache_update_url_loader_request.cc(139)] NOT IMPLEMENTED
Apr 16, 2019 08:50:11.38 [33808:15676:0416/085011.234:ERROR:appcache_update_url_loader_request.cc(139)] NOT IMPLEMENTED
Apr 16, 2019 08:50:11.38 [33808:15676:0416/085011.241:ERROR:appcache_update_url_loader_request.cc(139)] NOT IMPLEMENTED
Apr 16, 2019 08:50:11.38 [33808:15676:0416/085011.250:ERROR:appcache_update_url_loader_request.cc(139)] NOT IMPLEMENTED
Apr 16, 2019 08:50:11.38 [33808:15676:0416/085011.258:ERROR:appcache_update_url_loader_request.cc(139)] NOT IMPLEMENTED
Apr 16, 2019 08:50:11.38 [33808:15676:0416/085011.265:ERROR:appcache_update_url_loader_request.cc(139)] NOT IMPLEMENTED
Apr 16, 2019 08:50:11.38 [33808:15676:0416/085011.274:ERROR:appcache_update_url_loader_request.cc(139)] NOT IMPLEMENTED
Apr 16, 2019 08:50:11.38 [33808:15676:0416/085011.282:ERROR:appcache_update_url_loader_request.cc(139)] NOT IMPLEMENTED
Apr 16, 2019 08:50:11.38 [33808:15676:0416/085011.286:ERROR:appcache_update_url_loader_request.cc(139)] NOT IMPLEMENTED
Apr 16, 2019 08:50:11.38 [33808:15676:0416/085011.320:ERROR:appcache_update_url_loader_request.cc(139)] NOT IMPLEMENTED
Apr 16, 2019 08:50:11.38 [33808:15676:0416/085011.328:ERROR:appcache_update_url_loader_request.cc(139)] NOT IMPLEMENTED
Apr 16, 2019 08:50:11.38 [33808:15676:0416/085011.336:ERROR:appcache_update_url_loader_request.cc(139)] NOT IMPLEMENTED
Apr 16, 2019 08:50:11.38 [33808:15676:0416/085011.344:ERROR:appcache_update_url_loader_request.cc(139)] NOT IMPLEMENTED
Apr 16, 2019 08:50:11.38 [33808:15676:0416/085011.352:ERROR:appcache_update_url_loader_request.cc(139)] NOT IMPLEMENTED
Apr 16, 2019 08:50:11.38 [33808:15676:0416/085011.360:ERROR:appcache_update_url_loader_request.cc(139)] NOT IMPLEMENTED
Apr 16, 2019 08:50:11.38 [33808:15676:0416/085011.368:ERROR:appcache_update_url_loader_request.cc(139)] NOT IMPLEMENTED
Apr 16, 2019 08:50:11.38 [33808:15676:0416/085011.376:ERROR:appcache_update_url_loader_request.cc(139)] NOT IMPLEMENTED
Apr 16, 2019 08:50:11.38 [33808:15676:0416/085011.384:ERROR:appcache_update_url_loader_request.cc(139)] NOT IMPLEMENTED
Apr 16, 2019 08:50:11.39 [33808:15676:0416/085011.392:ERROR:appcache_update_url_loader_request.cc(139)] NOT IMPLEMENTED
Apr 16, 2019 08:50:11.40 [33808:15676:0416/085011.400:ERROR:appcache_update_url_loader_request.cc(139)] NOT IMPLEMENTED
Apr 16, 2019 08:50:11.40 [33808:15676:0416/085011.408:ERROR:appcache_update_url_loader_request.cc(139)] NOT IMPLEMENTED
Apr 16, 2019 08:50:11.41 [33808:15676:0416/085011.416:ERROR:appcache_update_url_loader_request.cc(139)] NOT IMPLEMENTED
Apr 16, 2019 08:50:11.42 [33808:15676:0416/085011.420:ERROR:appcache_update_url_loader_request.cc(139)] NOT IMPLEMENTED
Apr 16, 2019 08:50:11.43 [33808:15676:0416/085011.438:ERROR:appcache_update_url_loader_request.cc(139)] NOT IMPLEMENTED
Apr 16, 2019 08:50:11.45 [33808:15676:0416/085011.449:ERROR:appcache_update_url_loader_request.cc(139)] NOT IMPLEMENTED
Apr 16, 2019 08:50:11.48 [33808:15676:0416/085011.486:ERROR:appcache_update_url_loader_request.cc(139)] NOT IMPLEMENTED
Apr 16, 2019 08:50:11.50 [33808:15676:0416/085011.492:ERROR:appcache_update_url_loader_request.cc(139)] NOT IMPLEMENTED
Apr 16, 2019 08:50:11.50 [33808:15676:0416/085011.500:ERROR:appcache_update_url_loader_request.cc(139)] NOT IMPLEMENTED
Apr 16, 2019 08:50:11.50 [33808:15676:0416/085011.508:ERROR:appcache_update_url_loader_request.cc(139)] NOT IMPLEMENTED
Apr 16, 2019 08:50:11.51 [33808:15676:0416/085011.516:ERROR:appcache_update_url_loader_request.cc(139)] NOT IMPLEMENTED
Apr 16, 2019 08:50:11.52 [33808:15676:0416/085011.524:ERROR:appcache_update_url_loader_request.cc(139)] NOT IMPLEMENTED
Apr 16, 2019 08:50:11.53 [33808:15676:0416/085011.532:ERROR:appcache_update_url_loader_request.cc(139)] NOT IMPLEMENTED
Apr 16, 2019 08:50:11.53 [33808:15676:0416/085011.536:ERROR:appcache_update_url_loader_request.cc(139)] NOT IMPLEMENTED
Apr 16, 2019 08:50:11.55 [33808:15676:0416/085011.556:ERROR:appcache_update_url_loader_request.cc(139)] NOT IMPLEMENTED
Apr 16, 2019 08:50:11.56 [33808:15676:0416/085011.562:ERROR:appcache_update_url_loader_request.cc(139)] NOT IMPLEMENTED
Apr 16, 2019 08:50:11.57 [33808:15676:0416/085011.570:ERROR:appcache_update_url_loader_request.cc(139)] NOT IMPLEMENTED
Apr 16, 2019 08:50:11.57 [33808:15676:0416/085011.578:ERROR:appcache_update_url_loader_request.cc(139)] NOT IMPLEMENTED
Apr 16, 2019 08:50:11.58 [33808:15676:0416/085011.586:ERROR:appcache_update_url_loader_request.cc(139)] NOT IMPLEMENTED
Apr 16, 2019 08:50:11.59 [33808:15676:0416/085011.594:ERROR:appcache_update_url_loader_request.cc(139)] NOT IMPLEMENTED
Apr 16, 2019 08:50:11.59 [33808:15676:0416/085011.599:ERROR:appcache_update_url_loader_request.cc(139)] NOT IMPLEMENTED
Apr 16, 2019 08:50:11.63 [33808:15676:0416/085011.632:ERROR:appcache_update_url_loader_request.cc(139)] NOT IMPLEMENTED
Apr 16, 2019 08:50:11.67 [33808:15676:0416/085011.674:ERROR:appcache_update_url_loader_request.cc(139)] NOT IMPLEMENTED
Apr 16, 2019 08:50:11.72 [33808:15676:0416/085011.725:ERROR:appcache_update_url_loader_request.cc(139)] NOT IMPLEMENTED
Apr 16, 2019 08:50:11.73 [33808:15676:0416/085011.730:ERROR:appcache_update_url_loader_request.cc(139)] NOT IMPLEMENTED
Apr 16, 2019 08:50:11.73 [33808:15676:0416/085011.732:ERROR:appcache_update_url_loader_request.cc(139)] NOT IMPLEMENTED
Apr 16, 2019 08:50:11.73 [33808:15676:0416/085011.738:ERROR:appcache_update_url_loader_request.cc(139)] NOT IMPLEMENTED
Apr 16, 2019 08:50:11.74 [33808:15676:0416/085011.740:ERROR:appcache_update_url_loader_request.cc(139)] NOT IMPLEMENTED
Apr 16, 2019 08:50:11.80 [33808:15676:0416/085011.806:ERROR:appcache_update_url_loader_request.cc(139)] NOT IMPLEMENTED
Apr 16, 2019 08:50:11.96 [33808:15676:0416/085011.965:ERROR:appcache_update_url_loader_request.cc(139)] NOT IMPLEMENTED
Apr 16, 2019 08:50:14.06 [33808:15676:0416/085014.065:ERROR:appcache_update_url_loader_request.cc(139)] NOT IMPLEMENTED
Apr 16, 2019 15:48:21.67 [33808:15676:0416/154821.672:ERROR:appcache_update_url_loader_request.cc(139)] NOT IMPLEMENTED
Apr 16, 2019 15:48:24.46 [33808:15676:0416/154824.466:ERROR:appcache_update_url_loader_request.cc(139)] NOT IMPLEMENTED
Apr 16, 2019 15:48:25.54 [33808:15676:0416/154825.539:ERROR:appcache_update_url_loader_request.cc(139)] NOT IMPLEMENTED
Apr 16, 2019 15:48:26.82 [33808:15676:0416/154826.818:ERROR:appcache_update_url_loader_request.cc(139)] NOT IMPLEMENTED
Apr 16, 2019 16:04:37.41 [33808:45332:0416/160437.414:ERROR:textfield.cc(1768)] NOT IMPLEMENTED
Apr 16, 2019 17:48:27.75 [33808:15676:0416/174827.756:ERROR:appcache_update_url_loader_request.cc(139)] NOT IMPLEMENTED
Apr 16, 2019 19:48:27.92 [33808:15676:0416/194827.909:ERROR:appcache_update_url_loader_request.cc(139)] NOT IMPLEMENTED
Apr 16, 2019 21:48:28.58 [33808:15676:0416/214828.587:ERROR:appcache_update_url_loader_request.cc(139)] NOT IMPLEMENTED
Apr 16, 2019 23:48:28.69 [33808:15676:0416/234828.692:ERROR:appcache_update_url_loader_request.cc(139)] NOT IMPLEMENTED
Apr 17, 2019 01:48:28.43 [33808:15676:0417/014828.435:ERROR:appcache_update_url_loader_request.cc(139)] NOT IMPLEMENTED
Apr 17, 2019 03:48:28.48 [33808:15676:0417/034828.488:ERROR:appcache_update_url_loader_request.cc(139)] NOT IMPLEMENTED
Apr 17, 2019 05:48:28.76 [33808:15676:0417/054828.753:ERROR:appcache_update_url_loader_request.cc(139)] NOT IMPLEMENTED
Apr 17, 2019 07:48:28.98 [33808:15676:0417/074828.984:ERROR:appcache_update_url_loader_request.cc(139)] NOT IMPLEMENTED
Apr 17, 2019 09:48:29.08 [33808:15676:0417/094829.069:ERROR:appcache_update_url_loader_request.cc(139)] NOT IMPLEMENTED
Apr 17, 2019 11:48:29.17 [33808:15676:0417/114829.175:ERROR:appcache_update_url_loader_request.cc(139)] NOT IMPLEMENTED
Apr 17, 2019 13:48:29.24 [33808:15676:0417/134829.249:ERROR:appcache_update_url_loader_request.cc(139)] NOT IMPLEMENTED
Apr 17, 2019 15:48:29.60 [33808:15676:0417/154829.601:ERROR:appcache_update_url_loader_request.cc(139)] NOT IMPLEMENTED
Apr 17, 2019 15:48:29.63 [33808:15676:0417/154829.602:ERROR:appcache_update_url_loader_request.cc(139)] NOT IMPLEMENTED
Apr 17, 2019 17:48:29.77 [33808:15676:0417/174829.771:ERROR:appcache_update_url_loader_request.cc(139)] NOT IMPLEMENTED
Apr 17, 2019 19:48:29.85 [33808:15676:0417/194829.857:ERROR:appcache_update_url_loader_request.cc(139)] NOT IMPLEMENTED
Apr 17, 2019 21:48:29.90 [33808:15676:0417/214829.885:ERROR:appcache_update_url_loader_request.cc(139)] NOT IMPLEMENTED
Apr 17, 2019 23:48:30.15 [33808:15676:0417/234830.156:ERROR:appcache_update_url_loader_request.cc(139)] NOT IMPLEMENTED
Apr 18, 2019 01:48:30.56 [33808:15676:0418/014830.569:ERROR:appcache_update_url_loader_request.cc(139)] NOT IMPLEMENTED
Apr 18, 2019 03:48:30.48 [33808:15676:0418/034830.481:ERROR:appcache_update_url_loader_request.cc(139)] NOT IMPLEMENTED
Apr 18, 2019 05:48:30.56 [33808:15676:0418/054830.544:ERROR:appcache_update_url_loader_request.cc(139)] NOT IMPLEMENTED
Apr 18, 2019 07:48:30.60 [33808:15676:0418/074830.609:ERROR:appcache_update_url_loader_request.cc(139)] NOT IMPLEMENTED
Apr 18, 2019 09:29:34.90 [33808:15676:0418/092934.901:ERROR:appcache_update_url_loader_request.cc(139)] NOT IMPLEMENTED
Apr 18, 2019 09:29:37.90 [33808:15676:0418/092937.907:ERROR:appcache_update_url_loader_request.cc(139)] NOT IMPLEMENTED
Apr 18, 2019 09:38:10.86 [33808:15676:0418/093810.864:ERROR:appcache_update_url_loader_request.cc(139)] NOT IMPLEMENTED
Apr 18, 2019 09:38:13.85 [33808:15676:0418/093813.853:ERROR:appcache_update_url_loader_request.cc(139)] NOT IMPLEMENTED
Apr 18, 2019 09:38:14.62 [33808:15676:0418/093814.617:ERROR:appcache_update_url_loader_request.cc(139)] NOT IMPLEMENTED
Apr 18, 2019 09:38:15.93 [33808:15676:0418/093815.930:ERROR:appcache_update_url_loader_request.cc(139)] NOT IMPLEMENTED
Apr 18, 2019 11:38:17.15 [33808:15676:0418/113817.154:ERROR:appcache_update_url_loader_request.cc(139)] NOT IMPLEMENTED
Apr 18, 2019 13:38:17.34 [33808:15676:0418/133817.340:ERROR:appcache_update_url_loader_request.cc(139)] NOT IMPLEMENTED
Apr 18, 2019 15:38:17.45 [33808:15676:0418/153817.445:ERROR:appcache_update_url_loader_request.cc(139)] NOT IMPLEMENTED
Apr 18, 2019 15:48:42.00 [33808:15676:0418/154842.004:ERROR:appcache_update_url_loader_request.cc(139)] NOT IMPLEMENTED
Apr 18, 2019 15:48:44.74 [33808:15676:0418/154844.747:ERROR:appcache_update_url_loader_request.cc(139)] NOT IMPLEMENTED
Apr 18, 2019 15:48:55.83 [33808:15676:0418/154855.823:ERROR:appcache_update_url_loader_request.cc(139)] NOT IMPLEMENTED
Apr 18, 2019 15:48:57.66 [33808:15676:0418/154857.667:ERROR:appcache_update_url_loader_request.cc(139)] NOT IMPLEMENTED
Apr 18, 2019 17:48:58.61 [33808:15676:0418/174858.612:ERROR:appcache_update_url_loader_request.cc(139)] NOT IMPLEMENTED
Apr 18, 2019 17:48:58.99 [33808:15676:0418/174858.612:ERROR:appcache_update_url_loader_request.cc(139)] NOT IMPLEMENTED
Apr 18, 2019 18:21:52.02 [33808:15676:0418/182152.018:ERROR:browser_process_sub_thread.cc(209)] Waited 11 ms for network service
